Feb 21, 2013 6:44:25 PM org.apache.catalina.core.AprLifecycleListener init
INFO: Loaded APR based Apache Tomcat Native library 1.1.24 using APR version 1.4.6.
Feb 21, 2013 6:44:25 PM org.apache.catalina.core.AprLifecycleListener init
INFO: APR capabilities: IPv6 [true], sendfile [true], accept filters [false], random [true].
Feb 21, 2013 6:44:26 PM org.apache.catalina.core.AprLifecycleListener initializeSSL
INFO: OpenSSL successfully initialized (OpenSSL 1.0.1c 10 May 2012)
Feb 21, 2013 6:44:27 PM org.apache.coyote.AbstractProtocol init
INFO: Initializing ProtocolHandler ["http-apr-8080"]
Feb 21, 2013 6:44:27 PM org.apache.coyote.AbstractProtocol init
INFO: Initializing ProtocolHandler ["ajp-apr-8009"]
Feb 21, 2013 6:44:27 PM org.apache.catalina.startup.Catalina load
INFO: Initialization processed in 2660 ms
Feb 21, 2013 6:44:27 PM org.apache.catalina.core.StandardService startInternal
INFO: Starting service Catalina
Feb 21, 2013 6:44:27 PM org.apache.catalina.core.StandardEngine startInternal
INFO: Starting Servlet Engine: Apache Tomcat/7.0.35
Feb 21, 2013 6:44:27 PM org.apache.catalina.startup.HostConfig deployDirectory
INFO: Deploying web application directory C:\Users\Robert Brown\Documents\GitHub\growler\apache-tomcat-7.0.35\webapps\docs
Feb 21, 2013 6:44:27 PM org.apache.catalina.startup.HostConfig deployDirectory
INFO: Deploying web application directory C:\Users\Robert Brown\Documents\GitHub\growler\apache-tomcat-7.0.35\webapps\examples
Feb 21, 2013 6:44:28 PM org.apache.catalina.startup.HostConfig deployDirectory
INFO: Deploying web application directory C:\Users\Robert Brown\Documents\GitHub\growler\apache-tomcat-7.0.35\webapps\host-manager
Feb 21, 2013 6:44:28 PM org.apache.catalina.startup.HostConfig deployDirectory
INFO: Deploying web application directory C:\Users\Robert Brown\Documents\GitHub\growler\apache-tomcat-7.0.35\webapps\manager
Feb 21, 2013 6:44:28 PM org.apache.catalina.startup.HostConfig deployDirectory
INFO: Deploying web application directory C:\Users\Robert Brown\Documents\GitHub\growler\apache-tomcat-7.0.35\webapps\ROOT
Feb 21, 2013 6:44:28 PM org.apache.coyote.AbstractProtocol start
INFO: Starting ProtocolHandler ["http-apr-8080"]
Feb 21, 2013 6:44:28 PM org.apache.coyote.AbstractProtocol start
INFO: Starting ProtocolHandler ["ajp-apr-8009"]
Feb 21, 2013 6:44:28 PM org.apache.catalina.startup.Catalina start
INFO: Server startup in 1230 ms
Feb 21, 2013 6:46:40 PM org.apache.catalina.core.StandardServer await
INFO: A valid shutdown command was received via the shutdown port. Stopping the Server instance.
Feb 21, 2013 6:46:40 PM org.apache.coyote.AbstractProtocol pause
INFO: Pausing ProtocolHandler ["http-apr-8080"]
Feb 21, 2013 6:46:40 PM org.apache.coyote.AbstractProtocol pause
INFO: Pausing ProtocolHandler ["ajp-apr-8009"]
Feb 21, 2013 6:46:40 PM org.apache.catalina.core.StandardService stopInternal
INFO: Stopping service Catalina
Feb 21, 2013 6:46:40 PM org.apache.coyote.AbstractProtocol stop
INFO: Stopping ProtocolHandler ["http-apr-8080"]
Feb 21, 2013 6:46:40 PM org.apache.coyote.AbstractProtocol stop
INFO: Stopping ProtocolHandler ["ajp-apr-8009"]
Feb 21, 2013 6:46:40 PM org.apache.coyote.AbstractProtocol destroy
INFO: Destroying ProtocolHandler ["http-apr-8080"]
Feb 21, 2013 6:46:40 PM org.apache.coyote.AbstractProtocol destroy
INFO: Destroying ProtocolHandler ["ajp-apr-8009"]
Feb 21, 2013 6:46:44 PM org.apache.catalina.core.AprLifecycleListener init
INFO: Loaded APR based Apache Tomcat Native library 1.1.24 using APR version 1.4.6.
Feb 21, 2013 6:46:44 PM org.apache.catalina.core.AprLifecycleListener init
INFO: APR capabilities: IPv6 [true], sendfile [true], accept filters [false], random [true].
Feb 21, 2013 6:46:45 PM org.apache.catalina.core.AprLifecycleListener initializeSSL
INFO: OpenSSL successfully initialized (OpenSSL 1.0.1c 10 May 2012)
Feb 21, 2013 6:46:45 PM org.apache.coyote.AbstractProtocol init
INFO: Initializing ProtocolHandler ["http-apr-8080"]
Feb 21, 2013 6:46:45 PM org.apache.coyote.AbstractProtocol init
INFO: Initializing ProtocolHandler ["ajp-apr-8009"]
Feb 21, 2013 6:46:45 PM org.apache.catalina.startup.Catalina load
INFO: Initialization processed in 1827 ms
Feb 21, 2013 6:46:45 PM org.apache.catalina.core.StandardService startInternal
INFO: Starting service Catalina
Feb 21, 2013 6:46:45 PM org.apache.catalina.core.StandardEngine startInternal
INFO: Starting Servlet Engine: Apache Tomcat/7.0.35
Feb 21, 2013 6:46:45 PM org.apache.catalina.startup.HostConfig deployDirectory
INFO: Deploying web application directory C:\Users\Robert Brown\Documents\GitHub\growler\apache-tomcat-7.0.35\webapps\docs
Feb 21, 2013 6:46:46 PM org.apache.catalina.startup.HostConfig deployDirectory
INFO: Deploying web application directory C:\Users\Robert Brown\Documents\GitHub\growler\apache-tomcat-7.0.35\webapps\examples
Feb 21, 2013 6:46:46 PM org.apache.catalina.startup.HostConfig deployDirectory
INFO: Deploying web application directory C:\Users\Robert Brown\Documents\GitHub\growler\apache-tomcat-7.0.35\webapps\host-manager
Feb 21, 2013 6:46:46 PM org.apache.catalina.startup.HostConfig deployDirectory
INFO: Deploying web application directory C:\Users\Robert Brown\Documents\GitHub\growler\apache-tomcat-7.0.35\webapps\manager
Feb 21, 2013 6:46:46 PM org.apache.catalina.startup.HostConfig deployDirectory
INFO: Deploying web application directory C:\Users\Robert Brown\Documents\GitHub\growler\apache-tomcat-7.0.35\webapps\ROOT
Feb 21, 2013 6:46:46 PM org.apache.coyote.AbstractProtocol start
INFO: Starting ProtocolHandler ["http-apr-8080"]
Feb 21, 2013 6:46:46 PM org.apache.coyote.AbstractProtocol start
INFO: Starting ProtocolHandler ["ajp-apr-8009"]
Feb 21, 2013 6:46:46 PM org.apache.catalina.startup.Catalina start
INFO: Server startup in 964 ms
Feb 21, 2013 6:51:26 PM org.apache.catalina.realm.LockOutRealm authenticate
WARNING: An attempt was made to authenticate the locked user "admin"
Feb 21, 2013 6:51:29 PM org.apache.catalina.realm.LockOutRealm authenticate
WARNING: An attempt was made to authenticate the locked user "admin"
Feb 21, 2013 6:52:04 PM org.apache.catalina.realm.LockOutRealm authenticate
WARNING: An attempt was made to authenticate the locked user "admin"
Feb 21, 2013 6:52:08 PM org.apache.catalina.realm.LockOutRealm authenticate
WARNING: An attempt was made to authenticate the locked user "admin"
Feb 21, 2013 6:52:27 PM org.apache.catalina.realm.LockOutRealm authenticate
WARNING: An attempt was made to authenticate the locked user "admin"
Feb 21, 2013 6:52:31 PM org.apache.catalina.realm.LockOutRealm authenticate
WARNING: An attempt was made to authenticate the locked user "admin"
Feb 21, 2013 6:55:11 PM org.apache.catalina.realm.LockOutRealm authenticate
WARNING: An attempt was made to authenticate the locked user "admin"
Feb 21, 2013 6:55:16 PM org.apache.catalina.realm.LockOutRealm authenticate
WARNING: An attempt was made to authenticate the locked user "admin"
Feb 21, 2013 6:55:25 PM org.apache.catalina.realm.LockOutRealm authenticate
WARNING: An attempt was made to authenticate the locked user "admin"
Feb 21, 2013 6:55:29 PM org.apache.catalina.realm.LockOutRealm authenticate
WARNING: An attempt was made to authenticate the locked user "admin"
Feb 21, 2013 6:55:51 PM org.apache.catalina.realm.LockOutRealm authenticate
WARNING: An attempt was made to authenticate the locked user "admin"
Feb 21, 2013 6:55:54 PM org.apache.catalina.realm.LockOutRealm authenticate
WARNING: An attempt was made to authenticate the locked user "admin"
Feb 21, 2013 9:51:12 PM org.apache.catalina.core.AprLifecycleListener init
INFO: Loaded APR based Apache Tomcat Native library 1.1.24 using APR version 1.4.6.
Feb 21, 2013 9:51:12 PM org.apache.catalina.core.AprLifecycleListener init
INFO: APR capabilities: IPv6 [true], sendfile [true], accept filters [false], random [true].
Feb 21, 2013 9:51:13 PM org.apache.catalina.core.AprLifecycleListener initializeSSL
INFO: OpenSSL successfully initialized (OpenSSL 1.0.1c 10 May 2012)
Feb 21, 2013 9:51:14 PM org.apache.coyote.AbstractProtocol init
INFO: Initializing ProtocolHandler ["http-apr-8080"]
Feb 21, 2013 9:51:14 PM org.apache.coyote.AbstractProtocol init
INFO: Initializing ProtocolHandler ["ajp-apr-8009"]
Feb 21, 2013 9:51:14 PM org.apache.catalina.startup.Catalina load
INFO: Initialization processed in 2057 ms
Feb 21, 2013 9:51:14 PM org.apache.catalina.core.StandardService startInternal
INFO: Starting service Catalina
Feb 21, 2013 9:51:14 PM org.apache.catalina.core.StandardEngine startInternal
INFO: Starting Servlet Engine: Apache Tomcat/7.0.35
Feb 21, 2013 9:51:14 PM org.apache.catalina.startup.HostConfig deployDirectory
INFO: Deploying web application directory C:\Users\Robert Brown\Documents\GitHub\growler\apache-tomcat-7.0.35\webapps\docs
Feb 21, 2013 9:51:14 PM org.apache.catalina.startup.HostConfig deployDirectory
INFO: Deploying web application directory C:\Users\Robert Brown\Documents\GitHub\growler\apache-tomcat-7.0.35\webapps\examples
Feb 21, 2013 9:51:14 PM org.apache.catalina.startup.HostConfig deployDirectory
INFO: Deploying web application directory C:\Users\Robert Brown\Documents\GitHub\growler\apache-tomcat-7.0.35\webapps\host-manager
Feb 21, 2013 9:51:14 PM org.apache.catalina.startup.HostConfig deployDirectory
INFO: Deploying web application directory C:\Users\Robert Brown\Documents\GitHub\growler\apache-tomcat-7.0.35\webapps\manager
Feb 21, 2013 9:51:14 PM org.apache.catalina.startup.HostConfig deployDirectory
INFO: Deploying web application directory C:\Users\Robert Brown\Documents\GitHub\growler\apache-tomcat-7.0.35\webapps\ROOT
Feb 21, 2013 9:51:15 PM org.apache.coyote.AbstractProtocol start
INFO: Starting ProtocolHandler ["http-apr-8080"]
Feb 21, 2013 9:51:15 PM org.apache.coyote.AbstractProtocol start
INFO: Starting ProtocolHandler ["ajp-apr-8009"]
Feb 21, 2013 9:51:15 PM org.apache.catalina.startup.Catalina start
INFO: Server startup in 685 ms
Feb 21, 2013 9:52:50 PM org.apache.catalina.core.StandardServer await
INFO: A valid shutdown command was received via the shutdown port. Stopping the Server instance.
Feb 21, 2013 9:52:50 PM org.apache.coyote.AbstractProtocol pause
INFO: Pausing ProtocolHandler ["http-apr-8080"]
Feb 21, 2013 9:52:50 PM org.apache.coyote.AbstractProtocol pause
INFO: Pausing ProtocolHandler ["ajp-apr-8009"]
Feb 21, 2013 9:52:50 PM org.apache.catalina.core.StandardService stopInternal
INFO: Stopping service Catalina
Feb 21, 2013 9:52:50 PM org.apache.coyote.AbstractProtocol stop
INFO: Stopping ProtocolHandler ["http-apr-8080"]
Feb 21, 2013 9:52:50 PM org.apache.coyote.AbstractProtocol stop
INFO: Stopping ProtocolHandler ["ajp-apr-8009"]
Feb 21, 2013 9:52:50 PM org.apache.coyote.AbstractProtocol destroy
INFO: Destroying ProtocolHandler ["http-apr-8080"]
Feb 21, 2013 9:52:50 PM org.apache.coyote.AbstractProtocol destroy
INFO: Destroying ProtocolHandler ["ajp-apr-8009"]
Feb 21, 2013 9:55:09 PM org.apache.catalina.core.AprLifecycleListener init
INFO: Loaded APR based Apache Tomcat Native library 1.1.24 using APR version 1.4.6.
Feb 21, 2013 9:55:09 PM org.apache.catalina.core.AprLifecycleListener init
INFO: APR capabilities: IPv6 [true], sendfile [true], accept filters [false], random [true].
Feb 21, 2013 9:55:10 PM org.apache.catalina.core.AprLifecycleListener initializeSSL
INFO: OpenSSL successfully initialized (OpenSSL 1.0.1c 10 May 2012)
Feb 21, 2013 9:55:10 PM org.apache.coyote.AbstractProtocol init
INFO: Initializing ProtocolHandler ["http-apr-8080"]
Feb 21, 2013 9:55:10 PM org.apache.coyote.AbstractProtocol init
INFO: Initializing ProtocolHandler ["ajp-apr-8009"]
Feb 21, 2013 9:55:10 PM org.apache.catalina.startup.Catalina load
INFO: Initialization processed in 1632 ms
Feb 21, 2013 9:55:10 PM org.apache.catalina.core.StandardService startInternal
INFO: Starting service Catalina
Feb 21, 2013 9:55:10 PM org.apache.catalina.core.StandardEngine startInternal
INFO: Starting Servlet Engine: Apache Tomcat/7.0.35
Feb 21, 2013 9:55:10 PM org.apache.catalina.startup.HostConfig deployDirectory
INFO: Deploying web application directory C:\Users\Robert Brown\Documents\GitHub\growler\apache-tomcat-7.0.35\webapps\docs
Feb 21, 2013 9:55:11 PM org.apache.catalina.startup.HostConfig deployDirectory
INFO: Deploying web application directory C:\Users\Robert Brown\Documents\GitHub\growler\apache-tomcat-7.0.35\webapps\examples
Feb 21, 2013 9:55:11 PM org.apache.catalina.startup.HostConfig deployDirectory
INFO: Deploying web application directory C:\Users\Robert Brown\Documents\GitHub\growler\apache-tomcat-7.0.35\webapps\host-manager
Feb 21, 2013 9:55:11 PM org.apache.catalina.startup.HostConfig deployDirectory
INFO: Deploying web application directory C:\Users\Robert Brown\Documents\GitHub\growler\apache-tomcat-7.0.35\webapps\manager
Feb 21, 2013 9:55:11 PM org.apache.catalina.startup.HostConfig deployDirectory
INFO: Deploying web application directory C:\Users\Robert Brown\Documents\GitHub\growler\apache-tomcat-7.0.35\webapps\ROOT
Feb 21, 2013 9:55:11 PM org.apache.coyote.AbstractProtocol start
INFO: Starting ProtocolHandler ["http-apr-8080"]
Feb 21, 2013 9:55:11 PM org.apache.coyote.AbstractProtocol start
INFO: Starting ProtocolHandler ["ajp-apr-8009"]
Feb 21, 2013 9:55:11 PM org.apache.catalina.startup.Catalina start
INFO: Server startup in 642 ms
Feb 21, 2013 9:55:51 PM org.apache.catalina.core.StandardServer await
INFO: A valid shutdown command was received via the shutdown port. Stopping the Server instance.
Feb 21, 2013 9:55:51 PM org.apache.coyote.AbstractProtocol pause
INFO: Pausing ProtocolHandler ["http-apr-8080"]
Feb 21, 2013 9:55:51 PM org.apache.coyote.AbstractProtocol pause
INFO: Pausing ProtocolHandler ["ajp-apr-8009"]
Feb 21, 2013 9:55:51 PM org.apache.catalina.core.StandardService stopInternal
INFO: Stopping service Catalina
Feb 21, 2013 9:55:51 PM org.apache.coyote.AbstractProtocol stop
INFO: Stopping ProtocolHandler ["http-apr-8080"]
Feb 21, 2013 9:55:51 PM org.apache.coyote.AbstractProtocol stop
INFO: Stopping ProtocolHandler ["ajp-apr-8009"]
Feb 21, 2013 9:55:51 PM org.apache.coyote.AbstractProtocol destroy
INFO: Destroying ProtocolHandler ["http-apr-8080"]
Feb 21, 2013 9:55:51 PM org.apache.coyote.AbstractProtocol destroy
INFO: Destroying ProtocolHandler ["ajp-apr-8009"]
Feb 21, 2013 9:57:25 PM org.apache.catalina.core.AprLifecycleListener init
INFO: Loaded APR based Apache Tomcat Native library 1.1.24 using APR version 1.4.6.
Feb 21, 2013 9:57:25 PM org.apache.catalina.core.AprLifecycleListener init
INFO: APR capabilities: IPv6 [true], sendfile [true], accept filters [false], random [true].
Feb 21, 2013 9:57:26 PM org.apache.catalina.core.AprLifecycleListener initializeSSL
INFO: OpenSSL successfully initialized (OpenSSL 1.0.1c 10 May 2012)
Feb 21, 2013 9:57:26 PM org.apache.coyote.AbstractProtocol init
INFO: Initializing ProtocolHandler ["http-apr-8080"]
Feb 21, 2013 9:57:26 PM org.apache.coyote.AbstractProtocol init
INFO: Initializing ProtocolHandler ["ajp-apr-8009"]
Feb 21, 2013 9:57:26 PM org.apache.catalina.startup.Catalina load
INFO: Initialization processed in 1641 ms
Feb 21, 2013 9:57:26 PM org.apache.catalina.core.StandardService startInternal
INFO: Starting service Catalina
Feb 21, 2013 9:57:26 PM org.apache.catalina.core.StandardEngine startInternal
INFO: Starting Servlet Engine: Apache Tomcat/7.0.35
Feb 21, 2013 9:57:26 PM org.apache.catalina.startup.HostConfig deployDirectory
INFO: Deploying web application directory C:\Users\Robert Brown\Documents\GitHub\growler\apache-tomcat-7.0.35\webapps\docs
Feb 21, 2013 9:57:26 PM org.apache.catalina.startup.HostConfig deployDirectory
INFO: Deploying web application directory C:\Users\Robert Brown\Documents\GitHub\growler\apache-tomcat-7.0.35\webapps\examples
Feb 21, 2013 9:57:26 PM org.apache.catalina.startup.HostConfig deployDirectory
INFO: Deploying web application directory C:\Users\Robert Brown\Documents\GitHub\growler\apache-tomcat-7.0.35\webapps\host-manager
Feb 21, 2013 9:57:26 PM org.apache.catalina.startup.HostConfig deployDirectory
INFO: Deploying web application directory C:\Users\Robert Brown\Documents\GitHub\growler\apache-tomcat-7.0.35\webapps\manager
Feb 21, 2013 9:57:26 PM org.apache.catalina.startup.HostConfig deployDirectory
INFO: Deploying web application directory C:\Users\Robert Brown\Documents\GitHub\growler\apache-tomcat-7.0.35\webapps\ROOT
Feb 21, 2013 9:57:26 PM org.apache.coyote.AbstractProtocol start
INFO: Starting ProtocolHandler ["http-apr-8080"]
Feb 21, 2013 9:57:26 PM org.apache.coyote.AbstractProtocol start
INFO: Starting ProtocolHandler ["ajp-apr-8009"]
Feb 21, 2013 9:57:26 PM org.apache.catalina.startup.Catalina start
INFO: Server startup in 649 ms
Feb 21, 2013 9:58:08 PM org.apache.catalina.core.StandardServer await
INFO: A valid shutdown command was received via the shutdown port. Stopping the Server instance.
Feb 21, 2013 9:58:08 PM org.apache.coyote.AbstractProtocol pause
INFO: Pausing ProtocolHandler ["http-apr-8080"]
Feb 21, 2013 9:58:09 PM org.apache.coyote.AbstractProtocol pause
INFO: Pausing ProtocolHandler ["ajp-apr-8009"]
Feb 21, 2013 9:58:09 PM org.apache.catalina.core.StandardService stopInternal
INFO: Stopping service Catalina
Feb 21, 2013 9:58:09 PM org.apache.coyote.AbstractProtocol stop
INFO: Stopping ProtocolHandler ["http-apr-8080"]
Feb 21, 2013 9:58:09 PM org.apache.coyote.AbstractProtocol stop
INFO: Stopping ProtocolHandler ["ajp-apr-8009"]
Feb 21, 2013 9:58:09 PM org.apache.coyote.AbstractProtocol destroy
INFO: Destroying ProtocolHandler ["http-apr-8080"]
Feb 21, 2013 9:58:09 PM org.apache.coyote.AbstractProtocol destroy
INFO: Destroying ProtocolHandler ["ajp-apr-8009"]
Feb 21, 2013 9:58:42 PM org.apache.catalina.core.AprLifecycleListener init
INFO: Loaded APR based Apache Tomcat Native library 1.1.24 using APR version 1.4.6.
Feb 21, 2013 9:58:42 PM org.apache.catalina.core.AprLifecycleListener init
INFO: APR capabilities: IPv6 [true], sendfile [true], accept filters [false], random [true].
Feb 21, 2013 9:58:43 PM org.apache.catalina.core.AprLifecycleListener initializeSSL
INFO: OpenSSL successfully initialized (OpenSSL 1.0.1c 10 May 2012)
Feb 21, 2013 9:58:43 PM org.apache.coyote.AbstractProtocol init
INFO: Initializing ProtocolHandler ["http-apr-8080"]
Feb 21, 2013 9:58:43 PM org.apache.coyote.AbstractProtocol init
INFO: Initializing ProtocolHandler ["ajp-apr-8009"]
Feb 21, 2013 9:58:43 PM org.apache.catalina.startup.Catalina load
INFO: Initialization processed in 1610 ms
Feb 21, 2013 9:58:43 PM org.apache.catalina.core.StandardService startInternal
INFO: Starting service Catalina
Feb 21, 2013 9:58:43 PM org.apache.catalina.core.StandardEngine startInternal
INFO: Starting Servlet Engine: Apache Tomcat/7.0.35
Feb 21, 2013 9:58:43 PM org.apache.catalina.startup.HostConfig deployDirectory
INFO: Deploying web application directory C:\Users\Robert Brown\Documents\GitHub\growler\apache-tomcat-7.0.35\webapps\docs
Feb 21, 2013 9:58:44 PM org.apache.catalina.startup.HostConfig deployDirectory
INFO: Deploying web application directory C:\Users\Robert Brown\Documents\GitHub\growler\apache-tomcat-7.0.35\webapps\examples
Feb 21, 2013 9:58:44 PM org.apache.catalina.startup.HostConfig deployDirectory
INFO: Deploying web application directory C:\Users\Robert Brown\Documents\GitHub\growler\apache-tomcat-7.0.35\webapps\host-manager
Feb 21, 2013 9:58:44 PM org.apache.catalina.startup.HostConfig deployDirectory
INFO: Deploying web application directory C:\Users\Robert Brown\Documents\GitHub\growler\apache-tomcat-7.0.35\webapps\manager
Feb 21, 2013 9:58:44 PM org.apache.catalina.startup.HostConfig deployDirectory
INFO: Deploying web application directory C:\Users\Robert Brown\Documents\GitHub\growler\apache-tomcat-7.0.35\webapps\ROOT
Feb 21, 2013 9:58:44 PM org.apache.coyote.AbstractProtocol start
INFO: Starting ProtocolHandler ["http-apr-8080"]
Feb 21, 2013 9:58:44 PM org.apache.coyote.AbstractProtocol start
INFO: Starting ProtocolHandler ["ajp-apr-8009"]
Feb 21, 2013 9:58:44 PM org.apache.catalina.startup.Catalina start
INFO: Server startup in 622 ms
Feb 21, 2013 9:58:45 PM org.apache.catalina.startup.HostConfig deployDescriptor
INFO: Deploying configuration descriptor C:\Users\Robert Brown\Documents\GitHub\growler\apache-tomcat-7.0.35\conf\Catalina\localhost\TestWebApp.xml
Feb 21, 2013 9:58:45 PM org.apache.catalina.util.LifecycleBase start
INFO: The start() method was called on component [StandardEngine[Catalina].StandardHost[localhost].StandardContext[/TestWebApp]] after start() had already been called. The second call will be ignored.
Feb 21, 2013 10:13:24 PM org.apache.catalina.core.AprLifecycleListener init
INFO: Loaded APR based Apache Tomcat Native library 1.1.24 using APR version 1.4.6.
Feb 21, 2013 10:13:24 PM org.apache.catalina.core.AprLifecycleListener init
INFO: APR capabilities: IPv6 [true], sendfile [true], accept filters [false], random [true].
Feb 21, 2013 10:13:25 PM org.apache.catalina.core.AprLifecycleListener initializeSSL
INFO: OpenSSL successfully initialized (OpenSSL 1.0.1c 10 May 2012)
Feb 21, 2013 10:13:25 PM org.apache.coyote.AbstractProtocol init
INFO: Initializing ProtocolHandler ["http-apr-8080"]
Feb 21, 2013 10:13:25 PM org.apache.coyote.AbstractProtocol init
INFO: Initializing ProtocolHandler ["ajp-apr-8009"]
Feb 21, 2013 10:13:25 PM org.apache.catalina.startup.Catalina load
INFO: Initialization processed in 1593 ms
Feb 21, 2013 10:13:25 PM org.apache.catalina.core.StandardService startInternal
INFO: Starting service Catalina
Feb 21, 2013 10:13:25 PM org.apache.catalina.core.StandardEngine startInternal
INFO: Starting Servlet Engine: Apache Tomcat/7.0.35
Feb 21, 2013 10:13:25 PM org.apache.catalina.startup.HostConfig deployDescriptor
INFO: Deploying configuration descriptor C:\Users\Robert Brown\Documents\GitHub\growler\apache-tomcat-7.0.35\conf\Catalina\localhost\TestWebApp.xml
Feb 21, 2013 10:13:26 PM org.apache.catalina.startup.HostConfig deployDirectory
INFO: Deploying web application directory C:\Users\Robert Brown\Documents\GitHub\growler\apache-tomcat-7.0.35\webapps\docs
Feb 21, 2013 10:13:26 PM org.apache.catalina.startup.HostConfig deployDirectory
INFO: Deploying web application directory C:\Users\Robert Brown\Documents\GitHub\growler\apache-tomcat-7.0.35\webapps\examples
Feb 21, 2013 10:13:26 PM org.apache.catalina.startup.HostConfig deployDirectory
INFO: Deploying web application directory C:\Users\Robert Brown\Documents\GitHub\growler\apache-tomcat-7.0.35\webapps\host-manager
Feb 21, 2013 10:13:26 PM org.apache.catalina.startup.HostConfig deployDirectory
INFO: Deploying web application directory C:\Users\Robert Brown\Documents\GitHub\growler\apache-tomcat-7.0.35\webapps\manager
Feb 21, 2013 10:13:26 PM org.apache.catalina.startup.HostConfig deployDirectory
INFO: Deploying web application directory C:\Users\Robert Brown\Documents\GitHub\growler\apache-tomcat-7.0.35\webapps\ROOT
Feb 21, 2013 10:13:26 PM org.apache.coyote.AbstractProtocol start
INFO: Starting ProtocolHandler ["http-apr-8080"]
Feb 21, 2013 10:13:26 PM org.apache.coyote.AbstractProtocol start
INFO: Starting ProtocolHandler ["ajp-apr-8009"]
Feb 21, 2013 10:13:26 PM org.apache.catalina.startup.Catalina start
INFO: Server startup in 683 ms
Feb 21, 2013 10:13:33 PM org.apache.catalina.startup.HostConfig deployDescriptor
INFO: Deploying configuration descriptor C:\Users\Robert Brown\Documents\GitHub\growler\apache-tomcat-7.0.35\conf\Catalina\localhost\growler.xml
Feb 21, 2013 10:13:33 PM org.apache.catalina.util.LifecycleBase start
INFO: The start() method was called on component [StandardEngine[Catalina].StandardHost[localhost].StandardContext[/growler]] after start() had already been called. The second call will be ignored.
Feb 21, 2013 10:15:08 PM org.apache.catalina.core.StandardServer await
INFO: A valid shutdown command was received via the shutdown port. Stopping the Server instance.
Feb 21, 2013 10:15:08 PM org.apache.coyote.AbstractProtocol pause
INFO: Pausing ProtocolHandler ["http-apr-8080"]
Feb 21, 2013 10:15:08 PM org.apache.coyote.AbstractProtocol pause
INFO: Pausing ProtocolHandler ["ajp-apr-8009"]
Feb 21, 2013 10:15:08 PM org.apache.catalina.core.StandardService stopInternal
INFO: Stopping service Catalina
Feb 21, 2013 10:15:08 PM org.apache.coyote.AbstractProtocol stop
INFO: Stopping ProtocolHandler ["http-apr-8080"]
Feb 21, 2013 10:15:08 PM org.apache.coyote.AbstractProtocol stop
INFO: Stopping ProtocolHandler ["ajp-apr-8009"]
Feb 21, 2013 10:15:08 PM org.apache.coyote.AbstractProtocol destroy
INFO: Destroying ProtocolHandler ["http-apr-8080"]
Feb 21, 2013 10:15:08 PM org.apache.coyote.AbstractProtocol destroy
INFO: Destroying ProtocolHandler ["ajp-apr-8009"]
Feb 21, 2013 10:59:27 PM org.apache.catalina.core.AprLifecycleListener init
INFO: Loaded APR based Apache Tomcat Native library 1.1.24 using APR version 1.4.6.
Feb 21, 2013 10:59:27 PM org.apache.catalina.core.AprLifecycleListener init
INFO: APR capabilities: IPv6 [true], sendfile [true], accept filters [false], random [true].
Feb 21, 2013 10:59:28 PM org.apache.catalina.core.AprLifecycleListener initializeSSL
INFO: OpenSSL successfully initialized (OpenSSL 1.0.1c 10 May 2012)
Feb 21, 2013 10:59:28 PM org.apache.coyote.AbstractProtocol init
INFO: Initializing ProtocolHandler ["http-apr-8080"]
Feb 21, 2013 10:59:28 PM org.apache.coyote.AbstractProtocol init
INFO: Initializing ProtocolHandler ["ajp-apr-8009"]
Feb 21, 2013 10:59:28 PM org.apache.catalina.startup.Catalina load
INFO: Initialization processed in 1601 ms
Feb 21, 2013 10:59:28 PM org.apache.catalina.core.StandardService startInternal
INFO: Starting service Catalina
Feb 21, 2013 10:59:28 PM org.apache.catalina.core.StandardEngine startInternal
INFO: Starting Servlet Engine: Apache Tomcat/7.0.35
Feb 21, 2013 10:59:28 PM org.apache.catalina.startup.HostConfig deployDescriptor
INFO: Deploying configuration descriptor C:\Users\Robert Brown\Documents\GitHub\growler\apache-tomcat-7.0.35\conf\Catalina\localhost\growler.xml
Feb 21, 2013 10:59:28 PM org.apache.catalina.startup.HostConfig deployDescriptor
INFO: Deploying configuration descriptor C:\Users\Robert Brown\Documents\GitHub\growler\apache-tomcat-7.0.35\conf\Catalina\localhost\TestWebApp.xml
Feb 21, 2013 10:59:29 PM org.apache.catalina.startup.HostConfig deployDirectory
INFO: Deploying web application directory C:\Users\Robert Brown\Documents\GitHub\growler\apache-tomcat-7.0.35\webapps\docs
Feb 21, 2013 10:59:29 PM org.apache.catalina.startup.HostConfig deployDirectory
INFO: Deploying web application directory C:\Users\Robert Brown\Documents\GitHub\growler\apache-tomcat-7.0.35\webapps\examples
Feb 21, 2013 10:59:29 PM org.apache.catalina.startup.HostConfig deployDirectory
INFO: Deploying web application directory C:\Users\Robert Brown\Documents\GitHub\growler\apache-tomcat-7.0.35\webapps\host-manager
Feb 21, 2013 10:59:29 PM org.apache.catalina.startup.HostConfig deployDirectory
INFO: Deploying web application directory C:\Users\Robert Brown\Documents\GitHub\growler\apache-tomcat-7.0.35\webapps\manager
Feb 21, 2013 10:59:29 PM org.apache.catalina.startup.HostConfig deployDirectory
INFO: Deploying web application directory C:\Users\Robert Brown\Documents\GitHub\growler\apache-tomcat-7.0.35\webapps\ROOT
Feb 21, 2013 10:59:29 PM org.apache.coyote.AbstractProtocol start
INFO: Starting ProtocolHandler ["http-apr-8080"]
Feb 21, 2013 10:59:29 PM org.apache.coyote.AbstractProtocol start
INFO: Starting ProtocolHandler ["ajp-apr-8009"]
Feb 21, 2013 10:59:29 PM org.apache.catalina.startup.Catalina start
INFO: Server startup in 789 ms
Feb 21, 2013 11:00:31 PM com.scripps.growler.DBConnection startDB
SEVERE: null
java.sql.SQLException: No suitable driver found for jdbc://mysqllocalhost:8080/growler_db
	at java.sql.DriverManager.getConnection(DriverManager.java:604)
	at java.sql.DriverManager.getConnection(DriverManager.java:190)
	at com.scripps.growler.DBConnection.startDB(DBConnection.java:44)
	at org.apache.jsp.index_jsp._jspService(index_jsp.java:119)
	at org.apache.jasper.runtime.HttpJspBase.service(HttpJspBase.java:70)
	at javax.servlet.http.HttpServlet.service(HttpServlet.java:728)
	at org.apache.jasper.servlet.JspServletWrapper.service(JspServletWrapper.java:432)
	at org.apache.jasper.servlet.JspServlet.serviceJspFile(JspServlet.java:390)
	at org.apache.jasper.servlet.JspServlet.service(JspServlet.java:334)
	at javax.servlet.http.HttpServlet.service(HttpServlet.java:728)
	at org.apache.catalina.core.ApplicationFilterChain.internalDoFilter(ApplicationFilterChain.java:305)
	at org.apache.catalina.core.ApplicationFilterChain.doFilter(ApplicationFilterChain.java:210)
	at org.apache.catalina.core.StandardWrapperValve.invoke(StandardWrapperValve.java:222)
	at org.apache.catalina.core.StandardContextValve.invoke(StandardContextValve.java:123)
	at org.apache.catalina.authenticator.AuthenticatorBase.invoke(AuthenticatorBase.java:472)
	at org.apache.catalina.core.StandardHostValve.invoke(StandardHostValve.java:171)
	at org.apache.catalina.valves.ErrorReportValve.invoke(ErrorReportValve.java:99)
	at org.apache.catalina.valves.AccessLogValve.invoke(AccessLogValve.java:936)
	at org.apache.catalina.core.StandardEngineValve.invoke(StandardEngineValve.java:118)
	at org.apache.catalina.connector.CoyoteAdapter.service(CoyoteAdapter.java:407)
	at org.apache.coyote.http11.AbstractHttp11Processor.process(AbstractHttp11Processor.java:1004)
	at org.apache.coyote.AbstractProtocol$AbstractConnectionHandler.process(AbstractProtocol.java:589)
	at org.apache.tomcat.util.net.AprEndpoint$SocketProcessor.run(AprEndpoint.java:1822)
	at java.util.concurrent.ThreadPoolExecutor.runWorker(ThreadPoolExecutor.java:1110)
	at java.util.concurrent.ThreadPoolExecutor$Worker.run(ThreadPoolExecutor.java:603)
	at java.lang.Thread.run(Thread.java:722)

Feb 21, 2013 11:01:25 PM org.apache.catalina.core.StandardContext reload
INFO: Reloading Context with name [/growler] has started
Feb 21, 2013 11:01:25 PM org.apache.catalina.core.StandardContext reload
INFO: Reloading Context with name [/growler] is completed
Feb 21, 2013 11:01:27 PM com.scripps.growler.DBConnection startDB
SEVERE: null
java.sql.SQLException: No suitable driver found for jdbc://mysqllocalhost:8080/growler_db
	at java.sql.DriverManager.getConnection(DriverManager.java:604)
	at java.sql.DriverManager.getConnection(DriverManager.java:190)
	at com.scripps.growler.DBConnection.startDB(DBConnection.java:44)
	at org.apache.jsp.index_jsp._jspService(index_jsp.java:119)
	at org.apache.jasper.runtime.HttpJspBase.service(HttpJspBase.java:70)
	at javax.servlet.http.HttpServlet.service(HttpServlet.java:728)
	at org.apache.jasper.servlet.JspServletWrapper.service(JspServletWrapper.java:432)
	at org.apache.jasper.servlet.JspServlet.serviceJspFile(JspServlet.java:390)
	at org.apache.jasper.servlet.JspServlet.service(JspServlet.java:334)
	at javax.servlet.http.HttpServlet.service(HttpServlet.java:728)
	at org.apache.catalina.core.ApplicationFilterChain.internalDoFilter(ApplicationFilterChain.java:305)
	at org.apache.catalina.core.ApplicationFilterChain.doFilter(ApplicationFilterChain.java:210)
	at org.apache.catalina.core.StandardWrapperValve.invoke(StandardWrapperValve.java:222)
	at org.apache.catalina.core.StandardContextValve.invoke(StandardContextValve.java:123)
	at org.apache.catalina.authenticator.AuthenticatorBase.invoke(AuthenticatorBase.java:472)
	at org.apache.catalina.core.StandardHostValve.invoke(StandardHostValve.java:171)
	at org.apache.catalina.valves.ErrorReportValve.invoke(ErrorReportValve.java:99)
	at org.apache.catalina.valves.AccessLogValve.invoke(AccessLogValve.java:936)
	at org.apache.catalina.core.StandardEngineValve.invoke(StandardEngineValve.java:118)
	at org.apache.catalina.connector.CoyoteAdapter.service(CoyoteAdapter.java:407)
	at org.apache.coyote.http11.AbstractHttp11Processor.process(AbstractHttp11Processor.java:1004)
	at org.apache.coyote.AbstractProtocol$AbstractConnectionHandler.process(AbstractProtocol.java:589)
	at org.apache.tomcat.util.net.AprEndpoint$SocketProcessor.run(AprEndpoint.java:1822)
	at java.util.concurrent.ThreadPoolExecutor.runWorker(ThreadPoolExecutor.java:1110)
	at java.util.concurrent.ThreadPoolExecutor$Worker.run(ThreadPoolExecutor.java:603)
	at java.lang.Thread.run(Thread.java:722)

Feb 21, 2013 11:01:41 PM com.scripps.growler.DBConnection startDB
SEVERE: null
java.sql.SQLException: No suitable driver found for jdbc://mysqllocalhost:8080/growler_db
	at java.sql.DriverManager.getConnection(DriverManager.java:604)
	at java.sql.DriverManager.getConnection(DriverManager.java:190)
	at com.scripps.growler.DBConnection.startDB(DBConnection.java:44)
	at org.apache.jsp.index_jsp._jspService(index_jsp.java:119)
	at org.apache.jasper.runtime.HttpJspBase.service(HttpJspBase.java:70)
	at javax.servlet.http.HttpServlet.service(HttpServlet.java:728)
	at org.apache.jasper.servlet.JspServletWrapper.service(JspServletWrapper.java:432)
	at org.apache.jasper.servlet.JspServlet.serviceJspFile(JspServlet.java:390)
	at org.apache.jasper.servlet.JspServlet.service(JspServlet.java:334)
	at javax.servlet.http.HttpServlet.service(HttpServlet.java:728)
	at org.apache.catalina.core.ApplicationFilterChain.internalDoFilter(ApplicationFilterChain.java:305)
	at org.apache.catalina.core.ApplicationFilterChain.doFilter(ApplicationFilterChain.java:210)
	at org.apache.catalina.core.StandardWrapperValve.invoke(StandardWrapperValve.java:222)
	at org.apache.catalina.core.StandardContextValve.invoke(StandardContextValve.java:123)
	at org.apache.catalina.authenticator.AuthenticatorBase.invoke(AuthenticatorBase.java:472)
	at org.apache.catalina.core.StandardHostValve.invoke(StandardHostValve.java:171)
	at org.apache.catalina.valves.ErrorReportValve.invoke(ErrorReportValve.java:99)
	at org.apache.catalina.valves.AccessLogValve.invoke(AccessLogValve.java:936)
	at org.apache.catalina.core.StandardEngineValve.invoke(StandardEngineValve.java:118)
	at org.apache.catalina.connector.CoyoteAdapter.service(CoyoteAdapter.java:407)
	at org.apache.coyote.http11.AbstractHttp11Processor.process(AbstractHttp11Processor.java:1004)
	at org.apache.coyote.AbstractProtocol$AbstractConnectionHandler.process(AbstractProtocol.java:589)
	at org.apache.tomcat.util.net.AprEndpoint$SocketProcessor.run(AprEndpoint.java:1822)
	at java.util.concurrent.ThreadPoolExecutor.runWorker(ThreadPoolExecutor.java:1110)
	at java.util.concurrent.ThreadPoolExecutor$Worker.run(ThreadPoolExecutor.java:603)
	at java.lang.Thread.run(Thread.java:722)

Feb 21, 2013 11:02:35 PM org.apache.catalina.core.StandardContext reload
INFO: Reloading Context with name [/growler] has started
Feb 21, 2013 11:02:36 PM org.apache.catalina.core.StandardContext reload
INFO: Reloading Context with name [/growler] is completed
Feb 21, 2013 11:02:36 PM com.scripps.growler.DBConnection startDB
SEVERE: null
java.sql.SQLException: No suitable driver found for jdbc://mysqllocalhost:8080/growler_db
	at java.sql.DriverManager.getConnection(DriverManager.java:604)
	at java.sql.DriverManager.getConnection(DriverManager.java:190)
	at com.scripps.growler.DBConnection.startDB(DBConnection.java:45)
	at org.apache.jsp.index_jsp._jspService(index_jsp.java:119)
	at org.apache.jasper.runtime.HttpJspBase.service(HttpJspBase.java:70)
	at javax.servlet.http.HttpServlet.service(HttpServlet.java:728)
	at org.apache.jasper.servlet.JspServletWrapper.service(JspServletWrapper.java:432)
	at org.apache.jasper.servlet.JspServlet.serviceJspFile(JspServlet.java:390)
	at org.apache.jasper.servlet.JspServlet.service(JspServlet.java:334)
	at javax.servlet.http.HttpServlet.service(HttpServlet.java:728)
	at org.apache.catalina.core.ApplicationFilterChain.internalDoFilter(ApplicationFilterChain.java:305)
	at org.apache.catalina.core.ApplicationFilterChain.doFilter(ApplicationFilterChain.java:210)
	at org.apache.catalina.core.StandardWrapperValve.invoke(StandardWrapperValve.java:222)
	at org.apache.catalina.core.StandardContextValve.invoke(StandardContextValve.java:123)
	at org.apache.catalina.authenticator.AuthenticatorBase.invoke(AuthenticatorBase.java:472)
	at org.apache.catalina.core.StandardHostValve.invoke(StandardHostValve.java:171)
	at org.apache.catalina.valves.ErrorReportValve.invoke(ErrorReportValve.java:99)
	at org.apache.catalina.valves.AccessLogValve.invoke(AccessLogValve.java:936)
	at org.apache.catalina.core.StandardEngineValve.invoke(StandardEngineValve.java:118)
	at org.apache.catalina.connector.CoyoteAdapter.service(CoyoteAdapter.java:407)
	at org.apache.coyote.http11.AbstractHttp11Processor.process(AbstractHttp11Processor.java:1004)
	at org.apache.coyote.AbstractProtocol$AbstractConnectionHandler.process(AbstractProtocol.java:589)
	at org.apache.tomcat.util.net.AprEndpoint$SocketProcessor.run(AprEndpoint.java:1822)
	at java.util.concurrent.ThreadPoolExecutor.runWorker(ThreadPoolExecutor.java:1110)
	at java.util.concurrent.ThreadPoolExecutor$Worker.run(ThreadPoolExecutor.java:603)
	at java.lang.Thread.run(Thread.java:722)

Feb 21, 2013 11:03:18 PM org.apache.catalina.core.StandardContext reload
INFO: Reloading Context with name [/growler] has started
Feb 21, 2013 11:03:18 PM org.apache.catalina.core.StandardContext reload
INFO: Reloading Context with name [/growler] is completed
Feb 21, 2013 11:03:19 PM com.scripps.growler.DBConnection startDB
SEVERE: null
java.sql.SQLException: No suitable driver found for jdbc://mysqllocalhost:8080/growler_db
	at java.sql.DriverManager.getConnection(DriverManager.java:604)
	at java.sql.DriverManager.getConnection(DriverManager.java:190)
	at com.scripps.growler.DBConnection.startDB(DBConnection.java:45)
	at org.apache.jsp.index_jsp._jspService(index_jsp.java:119)
	at org.apache.jasper.runtime.HttpJspBase.service(HttpJspBase.java:70)
	at javax.servlet.http.HttpServlet.service(HttpServlet.java:728)
	at org.apache.jasper.servlet.JspServletWrapper.service(JspServletWrapper.java:432)
	at org.apache.jasper.servlet.JspServlet.serviceJspFile(JspServlet.java:390)
	at org.apache.jasper.servlet.JspServlet.service(JspServlet.java:334)
	at javax.servlet.http.HttpServlet.service(HttpServlet.java:728)
	at org.apache.catalina.core.ApplicationFilterChain.internalDoFilter(ApplicationFilterChain.java:305)
	at org.apache.catalina.core.ApplicationFilterChain.doFilter(ApplicationFilterChain.java:210)
	at org.apache.catalina.core.StandardWrapperValve.invoke(StandardWrapperValve.java:222)
	at org.apache.catalina.core.StandardContextValve.invoke(StandardContextValve.java:123)
	at org.apache.catalina.authenticator.AuthenticatorBase.invoke(AuthenticatorBase.java:472)
	at org.apache.catalina.core.StandardHostValve.invoke(StandardHostValve.java:171)
	at org.apache.catalina.valves.ErrorReportValve.invoke(ErrorReportValve.java:99)
	at org.apache.catalina.valves.AccessLogValve.invoke(AccessLogValve.java:936)
	at org.apache.catalina.core.StandardEngineValve.invoke(StandardEngineValve.java:118)
	at org.apache.catalina.connector.CoyoteAdapter.service(CoyoteAdapter.java:407)
	at org.apache.coyote.http11.AbstractHttp11Processor.process(AbstractHttp11Processor.java:1004)
	at org.apache.coyote.AbstractProtocol$AbstractConnectionHandler.process(AbstractProtocol.java:589)
	at org.apache.tomcat.util.net.AprEndpoint$SocketProcessor.run(AprEndpoint.java:1822)
	at java.util.concurrent.ThreadPoolExecutor.runWorker(ThreadPoolExecutor.java:1110)
	at java.util.concurrent.ThreadPoolExecutor$Worker.run(ThreadPoolExecutor.java:603)
	at java.lang.Thread.run(Thread.java:722)

Feb 21, 2013 11:14:58 PM org.apache.catalina.core.StandardContext reload
INFO: Reloading Context with name [/growler] has started
Feb 21, 2013 11:14:58 PM org.apache.catalina.core.StandardContext reload
INFO: Reloading Context with name [/growler] is completed
