Feb 22, 2013 12:00:43 AM org.apache.catalina.core.StandardContext reload
INFO: Reloading Context with name [/growler] has started
Feb 22, 2013 12:00:44 AM org.apache.catalina.core.StandardContext reload
INFO: Reloading Context with name [/growler] is completed
Feb 22, 2013 12:00:44 AM org.apache.catalina.core.StandardContext reload
INFO: Reloading Context with name [/growler] has started
Feb 22, 2013 12:00:44 AM org.apache.catalina.core.StandardContext reload
INFO: Reloading Context with name [/growler] is completed
Feb 22, 2013 12:04:50 AM org.apache.catalina.core.StandardContext reload
INFO: Reloading Context with name [/growler] has started
Feb 22, 2013 12:04:50 AM org.apache.catalina.core.StandardContext reload
INFO: Reloading Context with name [/growler] is completed
Feb 22, 2013 12:04:52 AM com.scripps.growler.DBConnection startDB
SEVERE: null
java.sql.SQLException: No suitable driver found for jdbc://mysqllocalhost:8080/growler_db
	at java.sql.DriverManager.getConnection(DriverManager.java:604)
	at java.sql.DriverManager.getConnection(DriverManager.java:190)
	at com.scripps.growler.DBConnection.startDB(DBConnection.java:45)
	at com.scripps.growler.DBConnection.<init>(DBConnection.java:31)
	at sun.reflect.NativeConstructorAccessorImpl.newInstance0(Native Method)
	at sun.reflect.NativeConstructorAccessorImpl.newInstance(NativeConstructorAccessorImpl.java:57)
	at sun.reflect.DelegatingConstructorAccessorImpl.newInstance(DelegatingConstructorAccessorImpl.java:45)
	at java.lang.reflect.Constructor.newInstance(Constructor.java:525)
	at java.lang.Class.newInstance0(Class.java:372)
	at java.lang.Class.newInstance(Class.java:325)
	at org.apache.catalina.core.DefaultInstanceManager.newInstance(DefaultInstanceManager.java:138)
	at org.apache.catalina.core.StandardWrapper.loadServlet(StandardWrapper.java:1137)
	at org.apache.catalina.core.StandardWrapper.allocate(StandardWrapper.java:858)
	at org.apache.catalina.core.StandardWrapperValve.invoke(StandardWrapperValve.java:136)
	at org.apache.catalina.core.StandardContextValve.invoke(StandardContextValve.java:123)
	at org.apache.catalina.authenticator.AuthenticatorBase.invoke(AuthenticatorBase.java:472)
	at org.apache.catalina.core.StandardHostValve.invoke(StandardHostValve.java:171)
	at org.apache.catalina.valves.ErrorReportValve.invoke(ErrorReportValve.java:99)
	at org.apache.catalina.valves.AccessLogValve.invoke(AccessLogValve.java:936)
	at org.apache.catalina.core.StandardEngineValve.invoke(StandardEngineValve.java:118)
	at org.apache.catalina.connector.CoyoteAdapter.service(CoyoteAdapter.java:407)
	at org.apache.coyote.http11.AbstractHttp11Processor.process(AbstractHttp11Processor.java:1004)
	at org.apache.coyote.AbstractProtocol$AbstractConnectionHandler.process(AbstractProtocol.java:589)
	at org.apache.tomcat.util.net.AprEndpoint$SocketProcessor.run(AprEndpoint.java:1822)
	at java.util.concurrent.ThreadPoolExecutor.runWorker(ThreadPoolExecutor.java:1110)
	at java.util.concurrent.ThreadPoolExecutor$Worker.run(ThreadPoolExecutor.java:603)
	at java.lang.Thread.run(Thread.java:722)

Feb 22, 2013 12:05:48 AM org.apache.catalina.core.StandardContext reload
INFO: Reloading Context with name [/growler] has started
Feb 22, 2013 12:05:48 AM org.apache.catalina.core.StandardContext reload
INFO: Reloading Context with name [/growler] is completed
Feb 22, 2013 12:08:32 AM org.apache.catalina.core.StandardContext reload
INFO: Reloading Context with name [/growler] has started
Feb 22, 2013 12:08:33 AM org.apache.catalina.core.StandardContext reload
INFO: Reloading Context with name [/growler] is completed
Feb 22, 2013 12:09:18 AM org.apache.catalina.core.StandardContext reload
INFO: Reloading Context with name [/growler] has started
Feb 22, 2013 12:09:18 AM org.apache.catalina.core.StandardContext reload
INFO: Reloading Context with name [/growler] is completed
Feb 22, 2013 12:09:49 AM org.apache.catalina.core.StandardContext reload
INFO: Reloading Context with name [/growler] has started
Feb 22, 2013 12:09:50 AM org.apache.catalina.core.StandardContext reload
INFO: Reloading Context with name [/growler] is completed
Feb 22, 2013 12:10:25 AM org.apache.catalina.core.StandardContext reload
INFO: Reloading Context with name [/growler] has started
Feb 22, 2013 12:10:25 AM org.apache.catalina.core.StandardContext reload
INFO: Reloading Context with name [/growler] is completed
Feb 22, 2013 12:13:45 AM org.apache.catalina.core.StandardContext reload
INFO: Reloading Context with name [/growler] has started
Feb 22, 2013 12:13:45 AM org.apache.catalina.core.StandardContext reload
INFO: Reloading Context with name [/growler] is completed
Feb 22, 2013 12:16:16 AM org.apache.catalina.core.StandardContext reload
INFO: Reloading Context with name [/growler] has started
Feb 22, 2013 12:16:17 AM org.apache.catalina.core.StandardContext reload
INFO: Reloading Context with name [/growler] is completed
Feb 22, 2013 12:16:17 AM org.apache.catalina.core.StandardContext reload
INFO: Reloading Context with name [/growler] has started
Feb 22, 2013 12:16:17 AM org.apache.catalina.core.StandardContext reload
INFO: Reloading Context with name [/growler] is completed
Feb 22, 2013 12:16:32 AM org.apache.catalina.core.StandardContext reload
INFO: Reloading Context with name [/growler] has started
Feb 22, 2013 12:16:32 AM org.apache.catalina.core.StandardContext reload
INFO: Reloading Context with name [/growler] is completed
Feb 22, 2013 12:38:23 AM org.apache.catalina.core.StandardContext reload
INFO: Reloading Context with name [/growler] has started
Feb 22, 2013 12:38:23 AM org.apache.catalina.core.StandardContext reload
INFO: Reloading Context with name [/growler] is completed
Feb 22, 2013 12:42:44 AM org.apache.catalina.core.StandardContext reload
INFO: Reloading Context with name [/growler] has started
Feb 22, 2013 12:42:44 AM org.apache.catalina.core.StandardContext reload
INFO: Reloading Context with name [/growler] is completed
Feb 22, 2013 12:47:29 AM org.apache.catalina.core.StandardContext reload
INFO: Reloading Context with name [/growler] has started
Feb 22, 2013 12:47:30 AM org.apache.catalina.core.StandardContext reload
INFO: Reloading Context with name [/growler] is completed
Feb 22, 2013 12:49:29 AM org.apache.catalina.core.StandardContext reload
INFO: Reloading Context with name [/growler] has started
Feb 22, 2013 12:49:30 AM org.apache.catalina.core.StandardContext reload
INFO: Reloading Context with name [/growler] is completed
Feb 22, 2013 12:54:35 AM org.apache.catalina.core.StandardContext reload
INFO: Reloading Context with name [/growler] has started
Feb 22, 2013 12:54:35 AM org.apache.catalina.core.StandardContext reload
INFO: Reloading Context with name [/growler] is completed
Feb 22, 2013 12:55:17 AM org.apache.catalina.core.StandardContext reload
INFO: Reloading Context with name [/growler] has started
Feb 22, 2013 12:55:17 AM org.apache.catalina.core.StandardContext reload
INFO: Reloading Context with name [/growler] is completed
Feb 22, 2013 12:55:51 AM org.apache.catalina.core.StandardContext reload
INFO: Reloading Context with name [/growler] has started
Feb 22, 2013 12:55:52 AM org.apache.catalina.core.StandardContext reload
INFO: Reloading Context with name [/growler] is completed
Feb 22, 2013 12:56:27 AM org.apache.catalina.core.StandardContext reload
INFO: Reloading Context with name [/growler] has started
Feb 22, 2013 12:56:27 AM org.apache.catalina.core.StandardContext reload
INFO: Reloading Context with name [/growler] is completed
Feb 22, 2013 12:58:48 AM org.apache.catalina.core.StandardContext reload
INFO: Reloading Context with name [/growler] has started
Feb 22, 2013 12:58:48 AM org.apache.catalina.core.StandardContext reload
INFO: Reloading Context with name [/growler] is completed
Feb 22, 2013 1:02:11 AM org.apache.catalina.core.StandardContext reload
INFO: Reloading Context with name [/growler] has started
Feb 22, 2013 1:02:12 AM org.apache.catalina.core.StandardContext reload
INFO: Reloading Context with name [/growler] is completed
Feb 22, 2013 1:03:08 AM org.apache.catalina.core.StandardContext reload
INFO: Reloading Context with name [/growler] has started
Feb 22, 2013 1:03:08 AM org.apache.catalina.core.StandardContext reload
INFO: Reloading Context with name [/growler] is completed
Feb 22, 2013 1:14:32 AM org.apache.catalina.core.StandardContext reload
INFO: Reloading Context with name [/growler] has started
Feb 22, 2013 1:14:32 AM org.apache.catalina.loader.WebappClassLoader clearReferencesJdbc
SEVERE: The web application [/growler] registered the JDBC driver [com.mysql.jdbc.Driver] but failed to unregister it when the web application was stopped. To prevent a memory leak, the JDBC Driver has been forcibly unregistered.
Feb 22, 2013 1:14:33 AM org.apache.catalina.core.StandardContext reload
INFO: Reloading Context with name [/growler] is completed
Feb 22, 2013 1:46:08 AM org.apache.catalina.core.StandardContext reload
INFO: Reloading Context with name [/growler] has started
Feb 22, 2013 1:46:08 AM org.apache.catalina.core.StandardContext reload
INFO: Reloading Context with name [/growler] is completed
Feb 22, 2013 1:51:30 AM org.apache.catalina.core.StandardContext reload
INFO: Reloading Context with name [/growler] has started
Feb 22, 2013 1:51:30 AM org.apache.catalina.loader.WebappClassLoader clearReferencesJdbc
SEVERE: The web application [/growler] registered the JDBC driver [com.mysql.jdbc.Driver] but failed to unregister it when the web application was stopped. To prevent a memory leak, the JDBC Driver has been forcibly unregistered.
Feb 22, 2013 1:51:31 AM org.apache.catalina.core.StandardContext reload
INFO: Reloading Context with name [/growler] is completed
Feb 22, 2013 1:55:01 AM org.apache.catalina.core.StandardContext reload
INFO: Reloading Context with name [/growler] has started
Feb 22, 2013 1:55:01 AM org.apache.catalina.loader.WebappClassLoader clearReferencesJdbc
SEVERE: The web application [/growler] registered the JDBC driver [com.mysql.jdbc.Driver] but failed to unregister it when the web application was stopped. To prevent a memory leak, the JDBC Driver has been forcibly unregistered.
Feb 22, 2013 1:55:01 AM org.apache.catalina.core.StandardContext reload
INFO: Reloading Context with name [/growler] is completed
Feb 22, 2013 1:55:55 AM org.apache.catalina.core.StandardContext reload
INFO: Reloading Context with name [/growler] has started
Feb 22, 2013 1:55:55 AM org.apache.catalina.loader.WebappClassLoader clearReferencesJdbc
SEVERE: The web application [/growler] registered the JDBC driver [com.mysql.jdbc.Driver] but failed to unregister it when the web application was stopped. To prevent a memory leak, the JDBC Driver has been forcibly unregistered.
Feb 22, 2013 1:55:55 AM org.apache.catalina.core.StandardContext reload
INFO: Reloading Context with name [/growler] is completed
Feb 22, 2013 1:56:17 AM org.apache.catalina.core.StandardContext reload
INFO: Reloading Context with name [/growler] has started
Feb 22, 2013 1:56:18 AM org.apache.catalina.core.StandardContext reload
INFO: Reloading Context with name [/growler] is completed
Feb 22, 2013 2:03:23 AM org.apache.catalina.core.StandardContext reload
INFO: Reloading Context with name [/growler] has started
Feb 22, 2013 2:03:23 AM org.apache.catalina.loader.WebappClassLoader clearReferencesJdbc
SEVERE: The web application [/growler] registered the JDBC driver [com.mysql.jdbc.Driver] but failed to unregister it when the web application was stopped. To prevent a memory leak, the JDBC Driver has been forcibly unregistered.
Feb 22, 2013 2:03:23 AM org.apache.catalina.core.StandardContext reload
INFO: Reloading Context with name [/growler] is completed
Feb 22, 2013 2:04:03 AM org.apache.catalina.core.StandardContext reload
INFO: Reloading Context with name [/growler] has started
Feb 22, 2013 2:04:03 AM org.apache.catalina.loader.WebappClassLoader clearReferencesJdbc
SEVERE: The web application [/growler] registered the JDBC driver [com.mysql.jdbc.Driver] but failed to unregister it when the web application was stopped. To prevent a memory leak, the JDBC Driver has been forcibly unregistered.
Feb 22, 2013 2:04:04 AM org.apache.catalina.core.StandardContext reload
INFO: Reloading Context with name [/growler] is completed
Feb 22, 2013 2:06:31 AM org.apache.catalina.core.StandardContext reload
INFO: Reloading Context with name [/growler] has started
Feb 22, 2013 2:06:31 AM org.apache.catalina.loader.WebappClassLoader clearReferencesJdbc
SEVERE: The web application [/growler] registered the JDBC driver [com.mysql.jdbc.Driver] but failed to unregister it when the web application was stopped. To prevent a memory leak, the JDBC Driver has been forcibly unregistered.
Feb 22, 2013 2:06:31 AM org.apache.catalina.core.StandardContext reload
INFO: Reloading Context with name [/growler] is completed
Feb 22, 2013 2:09:48 AM org.apache.catalina.core.StandardContext reload
INFO: Reloading Context with name [/growler] has started
Feb 22, 2013 2:09:48 AM org.apache.catalina.loader.WebappClassLoader clearReferencesJdbc
SEVERE: The web application [/growler] registered the JDBC driver [com.mysql.jdbc.Driver] but failed to unregister it when the web application was stopped. To prevent a memory leak, the JDBC Driver has been forcibly unregistered.
Feb 22, 2013 2:09:49 AM org.apache.catalina.core.StandardContext reload
INFO: Reloading Context with name [/growler] is completed
Feb 22, 2013 2:11:48 AM org.apache.catalina.core.StandardContext reload
INFO: Reloading Context with name [/growler] has started
Feb 22, 2013 2:11:48 AM org.apache.catalina.loader.WebappClassLoader clearReferencesJdbc
SEVERE: The web application [/growler] registered the JDBC driver [com.mysql.jdbc.Driver] but failed to unregister it when the web application was stopped. To prevent a memory leak, the JDBC Driver has been forcibly unregistered.
Feb 22, 2013 2:11:49 AM org.apache.catalina.core.StandardContext reload
INFO: Reloading Context with name [/growler] is completed
Feb 22, 2013 2:12:15 AM org.apache.catalina.core.StandardContext reload
INFO: Reloading Context with name [/growler] has started
Feb 22, 2013 2:12:15 AM org.apache.catalina.loader.WebappClassLoader clearReferencesJdbc
SEVERE: The web application [/growler] registered the JDBC driver [com.mysql.jdbc.Driver] but failed to unregister it when the web application was stopped. To prevent a memory leak, the JDBC Driver has been forcibly unregistered.
Feb 22, 2013 2:12:16 AM org.apache.catalina.core.StandardContext reload
INFO: Reloading Context with name [/growler] is completed
Feb 22, 2013 2:12:43 AM org.apache.catalina.core.StandardContext reload
INFO: Reloading Context with name [/growler] has started
Feb 22, 2013 2:12:43 AM org.apache.catalina.loader.WebappClassLoader clearReferencesJdbc
SEVERE: The web application [/growler] registered the JDBC driver [com.mysql.jdbc.Driver] but failed to unregister it when the web application was stopped. To prevent a memory leak, the JDBC Driver has been forcibly unregistered.
Feb 22, 2013 2:12:44 AM org.apache.catalina.core.StandardContext reload
INFO: Reloading Context with name [/growler] is completed
Feb 22, 2013 2:13:53 AM org.apache.catalina.core.StandardContext reload
INFO: Reloading Context with name [/growler] has started
Feb 22, 2013 2:13:53 AM org.apache.catalina.loader.WebappClassLoader clearReferencesJdbc
SEVERE: The web application [/growler] registered the JDBC driver [com.mysql.jdbc.Driver] but failed to unregister it when the web application was stopped. To prevent a memory leak, the JDBC Driver has been forcibly unregistered.
Feb 22, 2013 2:13:54 AM org.apache.catalina.core.StandardContext reload
INFO: Reloading Context with name [/growler] is completed
Feb 22, 2013 2:15:22 AM org.apache.catalina.core.StandardContext reload
INFO: Reloading Context with name [/growler] has started
Feb 22, 2013 2:15:22 AM org.apache.catalina.loader.WebappClassLoader clearReferencesJdbc
SEVERE: The web application [/growler] registered the JDBC driver [com.mysql.jdbc.Driver] but failed to unregister it when the web application was stopped. To prevent a memory leak, the JDBC Driver has been forcibly unregistered.
Feb 22, 2013 2:15:22 AM org.apache.catalina.core.StandardContext reload
INFO: Reloading Context with name [/growler] is completed
Feb 22, 2013 2:17:42 AM org.apache.catalina.core.StandardContext reload
INFO: Reloading Context with name [/growler] has started
Feb 22, 2013 2:17:42 AM org.apache.catalina.loader.WebappClassLoader clearReferencesJdbc
SEVERE: The web application [/growler] registered the JDBC driver [com.mysql.jdbc.Driver] but failed to unregister it when the web application was stopped. To prevent a memory leak, the JDBC Driver has been forcibly unregistered.
Feb 22, 2013 2:17:43 AM org.apache.catalina.core.StandardContext reload
INFO: Reloading Context with name [/growler] is completed
Feb 22, 2013 2:18:30 AM org.apache.catalina.core.StandardContext reload
INFO: Reloading Context with name [/growler] has started
Feb 22, 2013 2:18:30 AM org.apache.catalina.loader.WebappClassLoader clearReferencesJdbc
SEVERE: The web application [/growler] registered the JDBC driver [com.mysql.jdbc.Driver] but failed to unregister it when the web application was stopped. To prevent a memory leak, the JDBC Driver has been forcibly unregistered.
Feb 22, 2013 2:18:30 AM org.apache.catalina.core.StandardContext reload
INFO: Reloading Context with name [/growler] is completed
Feb 22, 2013 2:19:09 AM org.apache.catalina.core.StandardContext reload
INFO: Reloading Context with name [/growler] has started
Feb 22, 2013 2:19:09 AM org.apache.catalina.loader.WebappClassLoader clearReferencesJdbc
SEVERE: The web application [/growler] registered the JDBC driver [com.mysql.jdbc.Driver] but failed to unregister it when the web application was stopped. To prevent a memory leak, the JDBC Driver has been forcibly unregistered.
Feb 22, 2013 2:19:10 AM org.apache.catalina.core.StandardContext reload
INFO: Reloading Context with name [/growler] is completed
Feb 22, 2013 2:19:43 AM org.apache.catalina.core.StandardContext reload
INFO: Reloading Context with name [/growler] has started
Feb 22, 2013 2:19:43 AM org.apache.catalina.loader.WebappClassLoader clearReferencesJdbc
SEVERE: The web application [/growler] registered the JDBC driver [com.mysql.jdbc.Driver] but failed to unregister it when the web application was stopped. To prevent a memory leak, the JDBC Driver has been forcibly unregistered.
Feb 22, 2013 2:19:43 AM org.apache.catalina.core.StandardContext reload
INFO: Reloading Context with name [/growler] is completed
Feb 22, 2013 2:21:05 AM org.apache.catalina.core.StandardContext reload
INFO: Reloading Context with name [/growler] has started
Feb 22, 2013 2:21:05 AM org.apache.catalina.loader.WebappClassLoader clearReferencesJdbc
SEVERE: The web application [/growler] registered the JDBC driver [com.mysql.jdbc.Driver] but failed to unregister it when the web application was stopped. To prevent a memory leak, the JDBC Driver has been forcibly unregistered.
Feb 22, 2013 2:21:06 AM org.apache.catalina.core.StandardContext reload
INFO: Reloading Context with name [/growler] is completed
Feb 22, 2013 2:28:05 AM org.apache.catalina.core.StandardContext reload
INFO: Reloading Context with name [/growler] has started
Feb 22, 2013 2:28:05 AM org.apache.catalina.loader.WebappClassLoader clearReferencesJdbc
SEVERE: The web application [/growler] registered the JDBC driver [com.mysql.jdbc.Driver] but failed to unregister it when the web application was stopped. To prevent a memory leak, the JDBC Driver has been forcibly unregistered.
Feb 22, 2013 2:28:06 AM org.apache.catalina.core.StandardContext reload
INFO: Reloading Context with name [/growler] is completed
Feb 22, 2013 2:28:15 AM org.apache.catalina.core.StandardContext reload
INFO: Reloading Context with name [/growler] has started
Feb 22, 2013 2:28:16 AM org.apache.catalina.core.StandardContext reload
INFO: Reloading Context with name [/growler] is completed
Feb 22, 2013 2:42:15 AM org.apache.catalina.core.StandardContext reload
INFO: Reloading Context with name [/growler] has started
Feb 22, 2013 2:42:15 AM org.apache.catalina.loader.WebappClassLoader clearReferencesJdbc
SEVERE: The web application [/growler] registered the JDBC driver [com.mysql.jdbc.Driver] but failed to unregister it when the web application was stopped. To prevent a memory leak, the JDBC Driver has been forcibly unregistered.
Feb 22, 2013 2:42:16 AM org.apache.catalina.core.StandardContext reload
INFO: Reloading Context with name [/growler] is completed
Feb 22, 2013 2:45:07 AM org.apache.catalina.core.StandardContext reload
INFO: Reloading Context with name [/growler] has started
Feb 22, 2013 2:45:07 AM org.apache.catalina.loader.WebappClassLoader clearReferencesJdbc
SEVERE: The web application [/growler] registered the JDBC driver [com.mysql.jdbc.Driver] but failed to unregister it when the web application was stopped. To prevent a memory leak, the JDBC Driver has been forcibly unregistered.
Feb 22, 2013 2:45:07 AM org.apache.catalina.core.StandardContext reload
INFO: Reloading Context with name [/growler] is completed
Feb 22, 2013 2:56:50 AM org.apache.catalina.core.AprLifecycleListener init
INFO: Loaded APR based Apache Tomcat Native library 1.1.24 using APR version 1.4.6.
Feb 22, 2013 2:56:50 AM org.apache.catalina.core.AprLifecycleListener init
INFO: APR capabilities: IPv6 [true], sendfile [true], accept filters [false], random [true].
Feb 22, 2013 2:56:51 AM org.apache.catalina.core.AprLifecycleListener initializeSSL
INFO: OpenSSL successfully initialized (OpenSSL 1.0.1c 10 May 2012)
Feb 22, 2013 2:56:51 AM org.apache.coyote.AbstractProtocol init
INFO: Initializing ProtocolHandler ["http-apr-8080"]
Feb 22, 2013 2:56:51 AM org.apache.coyote.AbstractProtocol init
INFO: Initializing ProtocolHandler ["ajp-apr-8009"]
Feb 22, 2013 2:56:51 AM org.apache.catalina.startup.Catalina load
INFO: Initialization processed in 2021 ms
Feb 22, 2013 2:56:51 AM org.apache.catalina.core.StandardService startInternal
INFO: Starting service Catalina
Feb 22, 2013 2:56:51 AM org.apache.catalina.core.StandardEngine startInternal
INFO: Starting Servlet Engine: Apache Tomcat/7.0.35
Feb 22, 2013 2:56:51 AM org.apache.catalina.startup.HostConfig deployDescriptor
INFO: Deploying configuration descriptor C:\Users\Robert Brown\Documents\GitHub\growler\apache-tomcat-7.0.35\conf\Catalina\localhost\growler.xml
Feb 22, 2013 2:56:52 AM org.apache.catalina.startup.HostConfig deployDescriptor
INFO: Deploying configuration descriptor C:\Users\Robert Brown\Documents\GitHub\growler\apache-tomcat-7.0.35\conf\Catalina\localhost\TestWebApp.xml
Feb 22, 2013 2:56:52 AM org.apache.catalina.startup.HostConfig deployDirectory
INFO: Deploying web application directory C:\Users\Robert Brown\Documents\GitHub\growler\apache-tomcat-7.0.35\webapps\docs
Feb 22, 2013 2:56:52 AM org.apache.catalina.startup.HostConfig deployDirectory
INFO: Deploying web application directory C:\Users\Robert Brown\Documents\GitHub\growler\apache-tomcat-7.0.35\webapps\examples
Feb 22, 2013 2:56:52 AM org.apache.catalina.startup.HostConfig deployDirectory
INFO: Deploying web application directory C:\Users\Robert Brown\Documents\GitHub\growler\apache-tomcat-7.0.35\webapps\host-manager
Feb 22, 2013 2:56:52 AM org.apache.catalina.startup.HostConfig deployDirectory
INFO: Deploying web application directory C:\Users\Robert Brown\Documents\GitHub\growler\apache-tomcat-7.0.35\webapps\manager
Feb 22, 2013 2:56:52 AM org.apache.catalina.startup.HostConfig deployDirectory
INFO: Deploying web application directory C:\Users\Robert Brown\Documents\GitHub\growler\apache-tomcat-7.0.35\webapps\ROOT
Feb 22, 2013 2:56:53 AM org.apache.coyote.AbstractProtocol start
INFO: Starting ProtocolHandler ["http-apr-8080"]
Feb 22, 2013 2:56:53 AM org.apache.coyote.AbstractProtocol start
INFO: Starting ProtocolHandler ["ajp-apr-8009"]
Feb 22, 2013 2:56:53 AM org.apache.catalina.startup.Catalina start
INFO: Server startup in 1126 ms
Feb 22, 2013 2:56:54 AM org.apache.catalina.core.StandardContext reload
INFO: Reloading Context with name [/growler] has started
Feb 22, 2013 2:56:54 AM org.apache.catalina.core.StandardContext reload
INFO: Reloading Context with name [/growler] is completed
Feb 22, 2013 3:00:12 AM org.apache.catalina.core.StandardServer await
INFO: A valid shutdown command was received via the shutdown port. Stopping the Server instance.
Feb 22, 2013 3:00:12 AM org.apache.coyote.AbstractProtocol pause
INFO: Pausing ProtocolHandler ["http-apr-8080"]
Feb 22, 2013 3:00:12 AM org.apache.coyote.AbstractProtocol pause
INFO: Pausing ProtocolHandler ["ajp-apr-8009"]
Feb 22, 2013 3:00:12 AM org.apache.catalina.core.StandardService stopInternal
INFO: Stopping service Catalina
Feb 22, 2013 3:00:12 AM org.apache.catalina.loader.WebappClassLoader clearReferencesJdbc
SEVERE: The web application [/growler] registered the JDBC driver [com.mysql.jdbc.Driver] but failed to unregister it when the web application was stopped. To prevent a memory leak, the JDBC Driver has been forcibly unregistered.
Feb 22, 2013 3:00:12 AM org.apache.coyote.AbstractProtocol stop
INFO: Stopping ProtocolHandler ["http-apr-8080"]
Feb 22, 2013 3:00:12 AM org.apache.coyote.AbstractProtocol stop
INFO: Stopping ProtocolHandler ["ajp-apr-8009"]
Feb 22, 2013 3:00:12 AM org.apache.coyote.AbstractProtocol destroy
INFO: Destroying ProtocolHandler ["http-apr-8080"]
Feb 22, 2013 3:00:12 AM org.apache.coyote.AbstractProtocol destroy
INFO: Destroying ProtocolHandler ["ajp-apr-8009"]
Feb 22, 2013 3:12:34 AM org.apache.catalina.core.AprLifecycleListener init
INFO: Loaded APR based Apache Tomcat Native library 1.1.24 using APR version 1.4.6.
Feb 22, 2013 3:12:34 AM org.apache.catalina.core.AprLifecycleListener init
INFO: APR capabilities: IPv6 [true], sendfile [true], accept filters [false], random [true].
Feb 22, 2013 3:12:35 AM org.apache.catalina.core.AprLifecycleListener initializeSSL
INFO: OpenSSL successfully initialized (OpenSSL 1.0.1c 10 May 2012)
Feb 22, 2013 3:12:35 AM org.apache.coyote.AbstractProtocol init
INFO: Initializing ProtocolHandler ["http-apr-8080"]
Feb 22, 2013 3:12:35 AM org.apache.coyote.AbstractProtocol init
INFO: Initializing ProtocolHandler ["ajp-apr-8009"]
Feb 22, 2013 3:12:35 AM org.apache.catalina.startup.Catalina load
INFO: Initialization processed in 1651 ms
Feb 22, 2013 3:12:35 AM org.apache.catalina.core.StandardService startInternal
INFO: Starting service Catalina
Feb 22, 2013 3:12:35 AM org.apache.catalina.core.StandardEngine startInternal
INFO: Starting Servlet Engine: Apache Tomcat/7.0.35
Feb 22, 2013 3:12:35 AM org.apache.catalina.startup.HostConfig deployDescriptor
INFO: Deploying configuration descriptor C:\Users\Robert Brown\Documents\GitHub\growler\apache-tomcat-7.0.35\conf\Catalina\localhost\growler.xml
Feb 22, 2013 3:12:36 AM org.apache.catalina.startup.HostConfig deployDescriptor
INFO: Deploying configuration descriptor C:\Users\Robert Brown\Documents\GitHub\growler\apache-tomcat-7.0.35\conf\Catalina\localhost\TestWebApp.xml
Feb 22, 2013 3:12:36 AM org.apache.catalina.startup.HostConfig deployDirectory
INFO: Deploying web application directory C:\Users\Robert Brown\Documents\GitHub\growler\apache-tomcat-7.0.35\webapps\docs
Feb 22, 2013 3:12:36 AM org.apache.catalina.startup.HostConfig deployDirectory
INFO: Deploying web application directory C:\Users\Robert Brown\Documents\GitHub\growler\apache-tomcat-7.0.35\webapps\examples
Feb 22, 2013 3:12:36 AM org.apache.catalina.startup.HostConfig deployDirectory
INFO: Deploying web application directory C:\Users\Robert Brown\Documents\GitHub\growler\apache-tomcat-7.0.35\webapps\host-manager
Feb 22, 2013 3:12:36 AM org.apache.catalina.startup.HostConfig deployDirectory
INFO: Deploying web application directory C:\Users\Robert Brown\Documents\GitHub\growler\apache-tomcat-7.0.35\webapps\manager
Feb 22, 2013 3:12:36 AM org.apache.catalina.startup.HostConfig deployDirectory
INFO: Deploying web application directory C:\Users\Robert Brown\Documents\GitHub\growler\apache-tomcat-7.0.35\webapps\ROOT
Feb 22, 2013 3:12:36 AM org.apache.coyote.AbstractProtocol start
INFO: Starting ProtocolHandler ["http-apr-8080"]
Feb 22, 2013 3:12:36 AM org.apache.coyote.AbstractProtocol start
INFO: Starting ProtocolHandler ["ajp-apr-8009"]
Feb 22, 2013 3:12:36 AM org.apache.catalina.startup.Catalina start
INFO: Server startup in 1078 ms
Feb 22, 2013 3:24:37 AM org.apache.catalina.core.StandardServer await
INFO: A valid shutdown command was received via the shutdown port. Stopping the Server instance.
Feb 22, 2013 3:24:37 AM org.apache.coyote.AbstractProtocol pause
INFO: Pausing ProtocolHandler ["http-apr-8080"]
Feb 22, 2013 3:24:37 AM org.apache.coyote.AbstractProtocol pause
INFO: Pausing ProtocolHandler ["ajp-apr-8009"]
Feb 22, 2013 3:24:37 AM org.apache.catalina.core.StandardService stopInternal
INFO: Stopping service Catalina
Feb 22, 2013 3:24:37 AM org.apache.catalina.loader.WebappClassLoader clearReferencesJdbc
SEVERE: The web application [/growler] registered the JDBC driver [com.mysql.jdbc.Driver] but failed to unregister it when the web application was stopped. To prevent a memory leak, the JDBC Driver has been forcibly unregistered.
Feb 22, 2013 3:24:37 AM org.apache.coyote.AbstractProtocol stop
INFO: Stopping ProtocolHandler ["http-apr-8080"]
Feb 22, 2013 3:24:37 AM org.apache.coyote.AbstractProtocol stop
INFO: Stopping ProtocolHandler ["ajp-apr-8009"]
Feb 22, 2013 3:24:37 AM org.apache.coyote.AbstractProtocol destroy
INFO: Destroying ProtocolHandler ["http-apr-8080"]
Feb 22, 2013 3:24:37 AM org.apache.coyote.AbstractProtocol destroy
INFO: Destroying ProtocolHandler ["ajp-apr-8009"]
Feb 22, 2013 3:39:57 AM org.apache.catalina.core.AprLifecycleListener init
INFO: Loaded APR based Apache Tomcat Native library 1.1.24 using APR version 1.4.6.
Feb 22, 2013 3:39:57 AM org.apache.catalina.core.AprLifecycleListener init
INFO: APR capabilities: IPv6 [true], sendfile [true], accept filters [false], random [true].
Feb 22, 2013 3:39:59 AM org.apache.catalina.core.AprLifecycleListener initializeSSL
INFO: OpenSSL successfully initialized (OpenSSL 1.0.1c 10 May 2012)
Feb 22, 2013 3:40:00 AM org.apache.coyote.AbstractProtocol init
INFO: Initializing ProtocolHandler ["http-apr-8080"]
Feb 22, 2013 3:40:00 AM org.apache.coyote.AbstractProtocol init
INFO: Initializing ProtocolHandler ["ajp-apr-8009"]
Feb 22, 2013 3:40:00 AM org.apache.catalina.startup.Catalina load
INFO: Initialization processed in 4460 ms
Feb 22, 2013 3:40:00 AM org.apache.catalina.core.StandardService startInternal
INFO: Starting service Catalina
Feb 22, 2013 3:40:00 AM org.apache.catalina.core.StandardEngine startInternal
INFO: Starting Servlet Engine: Apache Tomcat/7.0.35
Feb 22, 2013 3:40:00 AM org.apache.catalina.startup.HostConfig deployDescriptor
INFO: Deploying configuration descriptor C:\Users\Robert Brown\Documents\GitHub\growler\apache-tomcat-7.0.35\conf\Catalina\localhost\growler.xml
Feb 22, 2013 3:40:02 AM org.apache.catalina.startup.HostConfig deployDescriptor
INFO: Deploying configuration descriptor C:\Users\Robert Brown\Documents\GitHub\growler\apache-tomcat-7.0.35\conf\Catalina\localhost\TestWebApp.xml
Feb 22, 2013 3:40:02 AM org.apache.catalina.startup.HostConfig deployDirectory
INFO: Deploying web application directory C:\Users\Robert Brown\Documents\GitHub\growler\apache-tomcat-7.0.35\webapps\docs
Feb 22, 2013 3:40:02 AM org.apache.catalina.startup.HostConfig deployDirectory
INFO: Deploying web application directory C:\Users\Robert Brown\Documents\GitHub\growler\apache-tomcat-7.0.35\webapps\examples
Feb 22, 2013 3:40:02 AM org.apache.catalina.startup.HostConfig deployDirectory
INFO: Deploying web application directory C:\Users\Robert Brown\Documents\GitHub\growler\apache-tomcat-7.0.35\webapps\host-manager
Feb 22, 2013 3:40:02 AM org.apache.catalina.startup.HostConfig deployDirectory
INFO: Deploying web application directory C:\Users\Robert Brown\Documents\GitHub\growler\apache-tomcat-7.0.35\webapps\manager
Feb 22, 2013 3:40:03 AM org.apache.catalina.startup.HostConfig deployDirectory
INFO: Deploying web application directory C:\Users\Robert Brown\Documents\GitHub\growler\apache-tomcat-7.0.35\webapps\ROOT
Feb 22, 2013 3:40:03 AM org.apache.coyote.AbstractProtocol start
INFO: Starting ProtocolHandler ["http-apr-8080"]
Feb 22, 2013 3:40:03 AM org.apache.coyote.AbstractProtocol start
INFO: Starting ProtocolHandler ["ajp-apr-8009"]
Feb 22, 2013 3:40:03 AM org.apache.catalina.startup.Catalina start
INFO: Server startup in 2294 ms
Feb 22, 2013 3:40:06 AM org.apache.catalina.core.StandardContext reload
INFO: Reloading Context with name [/growler] has started
Feb 22, 2013 3:40:07 AM org.apache.catalina.core.StandardContext reload
INFO: Reloading Context with name [/growler] is completed
Feb 22, 2013 3:41:48 AM org.apache.catalina.core.StandardServer await
INFO: A valid shutdown command was received via the shutdown port. Stopping the Server instance.
Feb 22, 2013 3:41:48 AM org.apache.coyote.AbstractProtocol pause
INFO: Pausing ProtocolHandler ["http-apr-8080"]
Feb 22, 2013 3:41:48 AM org.apache.coyote.AbstractProtocol pause
INFO: Pausing ProtocolHandler ["ajp-apr-8009"]
Feb 22, 2013 3:41:48 AM org.apache.catalina.core.StandardService stopInternal
INFO: Stopping service Catalina
Feb 22, 2013 3:41:48 AM org.apache.catalina.loader.WebappClassLoader clearReferencesJdbc
SEVERE: The web application [/growler] registered the JDBC driver [com.mysql.jdbc.Driver] but failed to unregister it when the web application was stopped. To prevent a memory leak, the JDBC Driver has been forcibly unregistered.
Feb 22, 2013 3:41:48 AM org.apache.coyote.AbstractProtocol stop
INFO: Stopping ProtocolHandler ["http-apr-8080"]
Feb 22, 2013 3:41:48 AM org.apache.coyote.AbstractProtocol stop
INFO: Stopping ProtocolHandler ["ajp-apr-8009"]
Feb 22, 2013 3:41:48 AM org.apache.coyote.AbstractProtocol destroy
INFO: Destroying ProtocolHandler ["http-apr-8080"]
Feb 22, 2013 3:41:48 AM org.apache.coyote.AbstractProtocol destroy
INFO: Destroying ProtocolHandler ["ajp-apr-8009"]
