Feb 22, 2013 12:00:43 AM org.apache.catalina.core.ApplicationContext log
INFO: Manager: list: Listing contexts for virtual host 'localhost'
Feb 22, 2013 12:00:43 AM org.apache.catalina.core.ApplicationContext log
INFO: Manager: restart: Reloading web application '/growler'
Feb 22, 2013 12:00:44 AM org.apache.catalina.core.ApplicationContext log
INFO: Manager: list: Listing contexts for virtual host 'localhost'
Feb 22, 2013 12:00:44 AM org.apache.catalina.core.ApplicationContext log
INFO: Manager: restart: Reloading web application '/growler'
Feb 22, 2013 12:01:24 AM org.apache.catalina.core.ApplicationContext log
INFO: Manager: list: Listing contexts for virtual host 'localhost'
Feb 22, 2013 12:04:50 AM org.apache.catalina.core.ApplicationContext log
INFO: Manager: list: Listing contexts for virtual host 'localhost'
Feb 22, 2013 12:04:50 AM org.apache.catalina.core.ApplicationContext log
INFO: Manager: list: Listing contexts for virtual host 'localhost'
Feb 22, 2013 12:04:50 AM org.apache.catalina.core.ApplicationContext log
INFO: Manager: restart: Reloading web application '/growler'
Feb 22, 2013 12:05:48 AM org.apache.catalina.core.ApplicationContext log
INFO: Manager: list: Listing contexts for virtual host 'localhost'
Feb 22, 2013 12:05:48 AM org.apache.catalina.core.ApplicationContext log
INFO: Manager: restart: Reloading web application '/growler'
Feb 22, 2013 12:08:32 AM org.apache.catalina.core.ApplicationContext log
INFO: Manager: list: Listing contexts for virtual host 'localhost'
Feb 22, 2013 12:08:32 AM org.apache.catalina.core.ApplicationContext log
INFO: Manager: restart: Reloading web application '/growler'
Feb 22, 2013 12:09:18 AM org.apache.catalina.core.ApplicationContext log
INFO: Manager: list: Listing contexts for virtual host 'localhost'
Feb 22, 2013 12:09:18 AM org.apache.catalina.core.ApplicationContext log
INFO: Manager: restart: Reloading web application '/growler'
Feb 22, 2013 12:09:49 AM org.apache.catalina.core.ApplicationContext log
INFO: Manager: list: Listing contexts for virtual host 'localhost'
Feb 22, 2013 12:09:49 AM org.apache.catalina.core.ApplicationContext log
INFO: Manager: restart: Reloading web application '/growler'
Feb 22, 2013 12:10:25 AM org.apache.catalina.core.ApplicationContext log
INFO: Manager: list: Listing contexts for virtual host 'localhost'
Feb 22, 2013 12:10:25 AM org.apache.catalina.core.ApplicationContext log
INFO: Manager: restart: Reloading web application '/growler'
Feb 22, 2013 12:13:45 AM org.apache.catalina.core.ApplicationContext log
INFO: Manager: list: Listing contexts for virtual host 'localhost'
Feb 22, 2013 12:13:45 AM org.apache.catalina.core.ApplicationContext log
INFO: Manager: restart: Reloading web application '/growler'
Feb 22, 2013 12:16:16 AM org.apache.catalina.core.ApplicationContext log
INFO: Manager: list: Listing contexts for virtual host 'localhost'
Feb 22, 2013 12:16:16 AM org.apache.catalina.core.ApplicationContext log
INFO: Manager: restart: Reloading web application '/growler'
Feb 22, 2013 12:16:17 AM org.apache.catalina.core.ApplicationContext log
INFO: Manager: list: Listing contexts for virtual host 'localhost'
Feb 22, 2013 12:16:17 AM org.apache.catalina.core.ApplicationContext log
INFO: Manager: restart: Reloading web application '/growler'
Feb 22, 2013 12:16:32 AM org.apache.catalina.core.ApplicationContext log
INFO: Manager: list: Listing contexts for virtual host 'localhost'
Feb 22, 2013 12:16:32 AM org.apache.catalina.core.ApplicationContext log
INFO: Manager: list: Listing contexts for virtual host 'localhost'
Feb 22, 2013 12:16:32 AM org.apache.catalina.core.ApplicationContext log
INFO: Manager: restart: Reloading web application '/growler'
Feb 22, 2013 12:16:52 AM org.apache.catalina.core.ApplicationContext log
INFO: Manager: list: Listing contexts for virtual host 'localhost'
Feb 22, 2013 12:16:52 AM org.apache.catalina.core.ApplicationContext log
INFO: Manager: list: Listing contexts for virtual host 'localhost'
Feb 22, 2013 12:17:49 AM org.apache.catalina.core.ApplicationContext log
INFO: Manager: list: Listing contexts for virtual host 'localhost'
Feb 22, 2013 12:17:49 AM org.apache.catalina.core.ApplicationContext log
INFO: Manager: list: Listing contexts for virtual host 'localhost'
Feb 22, 2013 12:28:10 AM org.apache.catalina.core.ApplicationContext log
INFO: Manager: list: Listing contexts for virtual host 'localhost'
Feb 22, 2013 12:29:54 AM org.apache.catalina.core.ApplicationContext log
INFO: Manager: list: Listing contexts for virtual host 'localhost'
Feb 22, 2013 12:29:57 AM org.apache.catalina.core.ApplicationContext log
INFO: Manager: list: Listing contexts for virtual host 'localhost'
Feb 22, 2013 12:29:57 AM org.apache.catalina.core.ApplicationContext log
INFO: Manager: list: Listing contexts for virtual host 'localhost'
Feb 22, 2013 12:38:22 AM org.apache.catalina.core.ApplicationContext log
INFO: Manager: list: Listing contexts for virtual host 'localhost'
Feb 22, 2013 12:38:22 AM org.apache.catalina.core.ApplicationContext log
INFO: Manager: list: Listing contexts for virtual host 'localhost'
Feb 22, 2013 12:38:23 AM org.apache.catalina.core.ApplicationContext log
INFO: Manager: restart: Reloading web application '/growler'
Feb 22, 2013 12:42:43 AM org.apache.catalina.core.ApplicationContext log
INFO: Manager: list: Listing contexts for virtual host 'localhost'
Feb 22, 2013 12:42:43 AM org.apache.catalina.core.ApplicationContext log
INFO: Manager: list: Listing contexts for virtual host 'localhost'
Feb 22, 2013 12:42:44 AM org.apache.catalina.core.ApplicationContext log
INFO: Manager: restart: Reloading web application '/growler'
Feb 22, 2013 12:43:20 AM org.apache.catalina.core.ApplicationContext log
INFO: Manager: list: Listing contexts for virtual host 'localhost'
Feb 22, 2013 12:43:20 AM org.apache.catalina.core.ApplicationContext log
INFO: Manager: list: Listing contexts for virtual host 'localhost'
Feb 22, 2013 12:47:29 AM org.apache.catalina.core.ApplicationContext log
INFO: Manager: list: Listing contexts for virtual host 'localhost'
Feb 22, 2013 12:47:29 AM org.apache.catalina.core.ApplicationContext log
INFO: Manager: restart: Reloading web application '/growler'
Feb 22, 2013 12:49:29 AM org.apache.catalina.core.ApplicationContext log
INFO: Manager: list: Listing contexts for virtual host 'localhost'
Feb 22, 2013 12:49:29 AM org.apache.catalina.core.ApplicationContext log
INFO: Manager: list: Listing contexts for virtual host 'localhost'
Feb 22, 2013 12:49:29 AM org.apache.catalina.core.ApplicationContext log
INFO: Manager: restart: Reloading web application '/growler'
Feb 22, 2013 12:54:34 AM org.apache.catalina.core.ApplicationContext log
INFO: Manager: list: Listing contexts for virtual host 'localhost'
Feb 22, 2013 12:54:34 AM org.apache.catalina.core.ApplicationContext log
INFO: Manager: list: Listing contexts for virtual host 'localhost'
Feb 22, 2013 12:54:35 AM org.apache.catalina.core.ApplicationContext log
INFO: Manager: restart: Reloading web application '/growler'
Feb 22, 2013 12:55:17 AM org.apache.catalina.core.ApplicationContext log
INFO: Manager: list: Listing contexts for virtual host 'localhost'
Feb 22, 2013 12:55:17 AM org.apache.catalina.core.ApplicationContext log
INFO: Manager: list: Listing contexts for virtual host 'localhost'
Feb 22, 2013 12:55:17 AM org.apache.catalina.core.ApplicationContext log
INFO: Manager: restart: Reloading web application '/growler'
Feb 22, 2013 12:55:51 AM org.apache.catalina.core.ApplicationContext log
INFO: Manager: list: Listing contexts for virtual host 'localhost'
Feb 22, 2013 12:55:51 AM org.apache.catalina.core.ApplicationContext log
INFO: Manager: restart: Reloading web application '/growler'
Feb 22, 2013 12:56:27 AM org.apache.catalina.core.ApplicationContext log
INFO: Manager: list: Listing contexts for virtual host 'localhost'
Feb 22, 2013 12:56:27 AM org.apache.catalina.core.ApplicationContext log
INFO: Manager: list: Listing contexts for virtual host 'localhost'
Feb 22, 2013 12:56:27 AM org.apache.catalina.core.ApplicationContext log
INFO: Manager: restart: Reloading web application '/growler'
Feb 22, 2013 12:57:39 AM org.apache.catalina.core.ApplicationContext log
INFO: Manager: list: Listing contexts for virtual host 'localhost'
Feb 22, 2013 12:57:47 AM org.apache.catalina.core.ApplicationContext log
INFO: Manager: list: Listing contexts for virtual host 'localhost'
Feb 22, 2013 12:57:47 AM org.apache.catalina.core.ApplicationContext log
INFO: Manager: list: Listing contexts for virtual host 'localhost'
Feb 22, 2013 12:58:48 AM org.apache.catalina.core.ApplicationContext log
INFO: Manager: list: Listing contexts for virtual host 'localhost'
Feb 22, 2013 12:58:48 AM org.apache.catalina.core.ApplicationContext log
INFO: Manager: list: Listing contexts for virtual host 'localhost'
Feb 22, 2013 12:58:48 AM org.apache.catalina.core.ApplicationContext log
INFO: Manager: restart: Reloading web application '/growler'
Feb 22, 2013 1:02:11 AM org.apache.catalina.core.ApplicationContext log
INFO: Manager: list: Listing contexts for virtual host 'localhost'
Feb 22, 2013 1:02:11 AM org.apache.catalina.core.ApplicationContext log
INFO: Manager: list: Listing contexts for virtual host 'localhost'
Feb 22, 2013 1:02:11 AM org.apache.catalina.core.ApplicationContext log
INFO: Manager: restart: Reloading web application '/growler'
Feb 22, 2013 1:03:08 AM org.apache.catalina.core.ApplicationContext log
INFO: Manager: list: Listing contexts for virtual host 'localhost'
Feb 22, 2013 1:03:08 AM org.apache.catalina.core.ApplicationContext log
INFO: Manager: list: Listing contexts for virtual host 'localhost'
Feb 22, 2013 1:03:08 AM org.apache.catalina.core.ApplicationContext log
INFO: Manager: restart: Reloading web application '/growler'
Feb 22, 2013 1:14:32 AM org.apache.catalina.core.ApplicationContext log
INFO: Manager: list: Listing contexts for virtual host 'localhost'
Feb 22, 2013 1:14:32 AM org.apache.catalina.core.ApplicationContext log
INFO: Manager: restart: Reloading web application '/growler'
Feb 22, 2013 1:46:07 AM org.apache.catalina.core.ApplicationContext log
INFO: Manager: list: Listing contexts for virtual host 'localhost'
Feb 22, 2013 1:46:07 AM org.apache.catalina.core.ApplicationContext log
INFO: Manager: list: Listing contexts for virtual host 'localhost'
Feb 22, 2013 1:46:08 AM org.apache.catalina.core.ApplicationContext log
INFO: Manager: restart: Reloading web application '/growler'
Feb 22, 2013 1:46:58 AM org.apache.catalina.core.ApplicationContext log
INFO: Manager: list: Listing contexts for virtual host 'localhost'
Feb 22, 2013 1:46:58 AM org.apache.catalina.core.ApplicationContext log
INFO: Manager: list: Listing contexts for virtual host 'localhost'
Feb 22, 2013 1:51:30 AM org.apache.catalina.core.ApplicationContext log
INFO: Manager: list: Listing contexts for virtual host 'localhost'
Feb 22, 2013 1:51:30 AM org.apache.catalina.core.ApplicationContext log
INFO: Manager: list: Listing contexts for virtual host 'localhost'
Feb 22, 2013 1:51:30 AM org.apache.catalina.core.ApplicationContext log
INFO: Manager: restart: Reloading web application '/growler'
Feb 22, 2013 1:55:01 AM org.apache.catalina.core.ApplicationContext log
INFO: Manager: list: Listing contexts for virtual host 'localhost'
Feb 22, 2013 1:55:01 AM org.apache.catalina.core.ApplicationContext log
INFO: Manager: list: Listing contexts for virtual host 'localhost'
Feb 22, 2013 1:55:01 AM org.apache.catalina.core.ApplicationContext log
INFO: Manager: restart: Reloading web application '/growler'
Feb 22, 2013 1:55:55 AM org.apache.catalina.core.ApplicationContext log
INFO: Manager: list: Listing contexts for virtual host 'localhost'
Feb 22, 2013 1:55:55 AM org.apache.catalina.core.ApplicationContext log
INFO: Manager: restart: Reloading web application '/growler'
Feb 22, 2013 1:56:17 AM org.apache.catalina.core.ApplicationContext log
INFO: Manager: list: Listing contexts for virtual host 'localhost'
Feb 22, 2013 1:56:17 AM org.apache.catalina.core.ApplicationContext log
INFO: Manager: list: Listing contexts for virtual host 'localhost'
Feb 22, 2013 1:56:17 AM org.apache.catalina.core.ApplicationContext log
INFO: Manager: restart: Reloading web application '/growler'
Feb 22, 2013 2:03:23 AM org.apache.catalina.core.ApplicationContext log
INFO: Manager: list: Listing contexts for virtual host 'localhost'
Feb 22, 2013 2:03:23 AM org.apache.catalina.core.ApplicationContext log
INFO: Manager: list: Listing contexts for virtual host 'localhost'
Feb 22, 2013 2:03:23 AM org.apache.catalina.core.ApplicationContext log
INFO: Manager: restart: Reloading web application '/growler'
Feb 22, 2013 2:04:03 AM org.apache.catalina.core.ApplicationContext log
INFO: Manager: list: Listing contexts for virtual host 'localhost'
Feb 22, 2013 2:04:03 AM org.apache.catalina.core.ApplicationContext log
INFO: Manager: list: Listing contexts for virtual host 'localhost'
Feb 22, 2013 2:04:03 AM org.apache.catalina.core.ApplicationContext log
INFO: Manager: restart: Reloading web application '/growler'
Feb 22, 2013 2:06:31 AM org.apache.catalina.core.ApplicationContext log
INFO: Manager: list: Listing contexts for virtual host 'localhost'
Feb 22, 2013 2:06:31 AM org.apache.catalina.core.ApplicationContext log
INFO: Manager: list: Listing contexts for virtual host 'localhost'
Feb 22, 2013 2:06:31 AM org.apache.catalina.core.ApplicationContext log
INFO: Manager: restart: Reloading web application '/growler'
Feb 22, 2013 2:09:48 AM org.apache.catalina.core.ApplicationContext log
INFO: Manager: list: Listing contexts for virtual host 'localhost'
Feb 22, 2013 2:09:48 AM org.apache.catalina.core.ApplicationContext log
INFO: Manager: list: Listing contexts for virtual host 'localhost'
Feb 22, 2013 2:09:48 AM org.apache.catalina.core.ApplicationContext log
INFO: Manager: restart: Reloading web application '/growler'
Feb 22, 2013 2:11:48 AM org.apache.catalina.core.ApplicationContext log
INFO: Manager: list: Listing contexts for virtual host 'localhost'
Feb 22, 2013 2:11:48 AM org.apache.catalina.core.ApplicationContext log
INFO: Manager: list: Listing contexts for virtual host 'localhost'
Feb 22, 2013 2:11:48 AM org.apache.catalina.core.ApplicationContext log
INFO: Manager: restart: Reloading web application '/growler'
Feb 22, 2013 2:12:15 AM org.apache.catalina.core.ApplicationContext log
INFO: Manager: list: Listing contexts for virtual host 'localhost'
Feb 22, 2013 2:12:15 AM org.apache.catalina.core.ApplicationContext log
INFO: Manager: list: Listing contexts for virtual host 'localhost'
Feb 22, 2013 2:12:15 AM org.apache.catalina.core.ApplicationContext log
INFO: Manager: restart: Reloading web application '/growler'
Feb 22, 2013 2:12:43 AM org.apache.catalina.core.ApplicationContext log
INFO: Manager: list: Listing contexts for virtual host 'localhost'
Feb 22, 2013 2:12:43 AM org.apache.catalina.core.ApplicationContext log
INFO: Manager: list: Listing contexts for virtual host 'localhost'
Feb 22, 2013 2:12:43 AM org.apache.catalina.core.ApplicationContext log
INFO: Manager: restart: Reloading web application '/growler'
Feb 22, 2013 2:13:53 AM org.apache.catalina.core.ApplicationContext log
INFO: Manager: list: Listing contexts for virtual host 'localhost'
Feb 22, 2013 2:13:53 AM org.apache.catalina.core.ApplicationContext log
INFO: Manager: list: Listing contexts for virtual host 'localhost'
Feb 22, 2013 2:13:53 AM org.apache.catalina.core.ApplicationContext log
INFO: Manager: restart: Reloading web application '/growler'
Feb 22, 2013 2:14:28 AM org.apache.catalina.core.ApplicationContext log
INFO: Manager: list: Listing contexts for virtual host 'localhost'
Feb 22, 2013 2:14:28 AM org.apache.catalina.core.ApplicationContext log
INFO: Manager: list: Listing contexts for virtual host 'localhost'
Feb 22, 2013 2:15:22 AM org.apache.catalina.core.ApplicationContext log
INFO: Manager: list: Listing contexts for virtual host 'localhost'
Feb 22, 2013 2:15:22 AM org.apache.catalina.core.ApplicationContext log
INFO: Manager: list: Listing contexts for virtual host 'localhost'
Feb 22, 2013 2:15:22 AM org.apache.catalina.core.ApplicationContext log
INFO: Manager: restart: Reloading web application '/growler'
Feb 22, 2013 2:17:42 AM org.apache.catalina.core.ApplicationContext log
INFO: Manager: list: Listing contexts for virtual host 'localhost'
Feb 22, 2013 2:17:42 AM org.apache.catalina.core.ApplicationContext log
INFO: Manager: list: Listing contexts for virtual host 'localhost'
Feb 22, 2013 2:17:42 AM org.apache.catalina.core.ApplicationContext log
INFO: Manager: restart: Reloading web application '/growler'
Feb 22, 2013 2:18:30 AM org.apache.catalina.core.ApplicationContext log
INFO: Manager: list: Listing contexts for virtual host 'localhost'
Feb 22, 2013 2:18:30 AM org.apache.catalina.core.ApplicationContext log
INFO: Manager: list: Listing contexts for virtual host 'localhost'
Feb 22, 2013 2:18:30 AM org.apache.catalina.core.ApplicationContext log
INFO: Manager: restart: Reloading web application '/growler'
Feb 22, 2013 2:19:09 AM org.apache.catalina.core.ApplicationContext log
INFO: Manager: list: Listing contexts for virtual host 'localhost'
Feb 22, 2013 2:19:09 AM org.apache.catalina.core.ApplicationContext log
INFO: Manager: list: Listing contexts for virtual host 'localhost'
Feb 22, 2013 2:19:09 AM org.apache.catalina.core.ApplicationContext log
INFO: Manager: restart: Reloading web application '/growler'
Feb 22, 2013 2:19:43 AM org.apache.catalina.core.ApplicationContext log
INFO: Manager: list: Listing contexts for virtual host 'localhost'
Feb 22, 2013 2:19:43 AM org.apache.catalina.core.ApplicationContext log
INFO: Manager: list: Listing contexts for virtual host 'localhost'
Feb 22, 2013 2:19:43 AM org.apache.catalina.core.ApplicationContext log
INFO: Manager: restart: Reloading web application '/growler'
Feb 22, 2013 2:21:05 AM org.apache.catalina.core.ApplicationContext log
INFO: Manager: list: Listing contexts for virtual host 'localhost'
Feb 22, 2013 2:21:05 AM org.apache.catalina.core.ApplicationContext log
INFO: Manager: list: Listing contexts for virtual host 'localhost'
Feb 22, 2013 2:21:05 AM org.apache.catalina.core.ApplicationContext log
INFO: Manager: restart: Reloading web application '/growler'
Feb 22, 2013 2:22:36 AM org.apache.catalina.core.ApplicationContext log
INFO: Manager: list: Listing contexts for virtual host 'localhost'
Feb 22, 2013 2:22:36 AM org.apache.catalina.core.ApplicationContext log
INFO: Manager: list: Listing contexts for virtual host 'localhost'
Feb 22, 2013 2:23:25 AM org.apache.catalina.core.ApplicationContext log
INFO: Manager: list: Listing contexts for virtual host 'localhost'
Feb 22, 2013 2:23:25 AM org.apache.catalina.core.ApplicationContext log
INFO: Manager: list: Listing contexts for virtual host 'localhost'
Feb 22, 2013 2:23:55 AM org.apache.catalina.core.ApplicationContext log
INFO: Manager: list: Listing contexts for virtual host 'localhost'
Feb 22, 2013 2:23:55 AM org.apache.catalina.core.ApplicationContext log
INFO: Manager: list: Listing contexts for virtual host 'localhost'
Feb 22, 2013 2:25:00 AM org.apache.catalina.core.ApplicationContext log
INFO: Manager: list: Listing contexts for virtual host 'localhost'
Feb 22, 2013 2:25:00 AM org.apache.catalina.core.ApplicationContext log
INFO: Manager: list: Listing contexts for virtual host 'localhost'
Feb 22, 2013 2:25:23 AM org.apache.catalina.core.ApplicationContext log
INFO: Manager: list: Listing contexts for virtual host 'localhost'
Feb 22, 2013 2:25:23 AM org.apache.catalina.core.ApplicationContext log
INFO: Manager: list: Listing contexts for virtual host 'localhost'
Feb 22, 2013 2:28:05 AM org.apache.catalina.core.ApplicationContext log
INFO: Manager: list: Listing contexts for virtual host 'localhost'
Feb 22, 2013 2:28:05 AM org.apache.catalina.core.ApplicationContext log
INFO: Manager: restart: Reloading web application '/growler'
Feb 22, 2013 2:28:15 AM org.apache.catalina.core.ApplicationContext log
INFO: Manager: list: Listing contexts for virtual host 'localhost'
Feb 22, 2013 2:28:15 AM org.apache.catalina.core.ApplicationContext log
INFO: Manager: list: Listing contexts for virtual host 'localhost'
Feb 22, 2013 2:28:15 AM org.apache.catalina.core.ApplicationContext log
INFO: Manager: restart: Reloading web application '/growler'
Feb 22, 2013 2:28:45 AM org.apache.catalina.core.ApplicationContext log
INFO: Manager: list: Listing contexts for virtual host 'localhost'
Feb 22, 2013 2:28:45 AM org.apache.catalina.core.ApplicationContext log
INFO: Manager: list: Listing contexts for virtual host 'localhost'
Feb 22, 2013 2:42:15 AM org.apache.catalina.core.ApplicationContext log
INFO: Manager: list: Listing contexts for virtual host 'localhost'
Feb 22, 2013 2:42:15 AM org.apache.catalina.core.ApplicationContext log
INFO: Manager: list: Listing contexts for virtual host 'localhost'
Feb 22, 2013 2:42:15 AM org.apache.catalina.core.ApplicationContext log
INFO: Manager: restart: Reloading web application '/growler'
Feb 22, 2013 2:42:36 AM org.apache.catalina.core.ApplicationContext log
INFO: Manager: list: Listing contexts for virtual host 'localhost'
Feb 22, 2013 2:42:36 AM org.apache.catalina.core.ApplicationContext log
INFO: Manager: list: Listing contexts for virtual host 'localhost'
Feb 22, 2013 2:45:06 AM org.apache.catalina.core.ApplicationContext log
INFO: Manager: list: Listing contexts for virtual host 'localhost'
Feb 22, 2013 2:45:07 AM org.apache.catalina.core.ApplicationContext log
INFO: Manager: list: Listing contexts for virtual host 'localhost'
Feb 22, 2013 2:45:07 AM org.apache.catalina.core.ApplicationContext log
INFO: Manager: restart: Reloading web application '/growler'
Feb 22, 2013 2:56:53 AM org.apache.catalina.core.ApplicationContext log
INFO: Manager: init: Associated with Deployer 'Catalina:type=Deployer,host=localhost'
Feb 22, 2013 2:56:53 AM org.apache.catalina.core.ApplicationContext log
INFO: Manager: init: Global resources are available
Feb 22, 2013 2:56:53 AM org.apache.catalina.core.ApplicationContext log
INFO: Manager: list: Listing contexts for virtual host 'localhost'
Feb 22, 2013 2:56:53 AM org.apache.catalina.core.ApplicationContext log
INFO: Manager: list: Listing contexts for virtual host 'localhost'
Feb 22, 2013 2:56:54 AM org.apache.catalina.core.ApplicationContext log
INFO: Manager: restart: Reloading web application '/growler'
Feb 22, 2013 3:12:37 AM org.apache.catalina.core.ApplicationContext log
INFO: Manager: init: Associated with Deployer 'Catalina:type=Deployer,host=localhost'
Feb 22, 2013 3:12:37 AM org.apache.catalina.core.ApplicationContext log
INFO: Manager: init: Global resources are available
Feb 22, 2013 3:12:37 AM org.apache.catalina.core.ApplicationContext log
INFO: Manager: list: Listing contexts for virtual host 'localhost'
Feb 22, 2013 3:12:37 AM org.apache.catalina.core.ApplicationContext log
INFO: Manager: list: Listing contexts for virtual host 'localhost'
Feb 22, 2013 3:40:04 AM org.apache.catalina.core.ApplicationContext log
INFO: Manager: init: Associated with Deployer 'Catalina:type=Deployer,host=localhost'
Feb 22, 2013 3:40:04 AM org.apache.catalina.core.ApplicationContext log
INFO: Manager: init: Global resources are available
Feb 22, 2013 3:40:04 AM org.apache.catalina.core.ApplicationContext log
INFO: Manager: list: Listing contexts for virtual host 'localhost'
Feb 22, 2013 3:40:04 AM org.apache.catalina.core.ApplicationContext log
INFO: Manager: list: Listing contexts for virtual host 'localhost'
Feb 22, 2013 3:40:06 AM org.apache.catalina.core.ApplicationContext log
INFO: Manager: restart: Reloading web application '/growler'
Feb 22, 2013 3:41:34 AM org.apache.catalina.core.ApplicationContext log
INFO: Manager: list: Listing contexts for virtual host 'localhost'
Feb 22, 2013 3:41:34 AM org.apache.catalina.core.ApplicationContext log
INFO: Manager: list: Listing contexts for virtual host 'localhost'
